{"C:\\Репозитории-RSS\\learning-react\\src\\components\\Modal.tsx": {"path":"C:\\Репозитории-RSS\\learning-react\\src\\components\\Modal.tsx","statementMap":{"0":{"start":{"line":13,"column":8},"end":{"line":13,"column":null}},"1":{"start":{"line":15,"column":2},"end":{"line":23,"column":null}},"2":{"start":{"line":16,"column":10},"end":{"line":20,"column":null}},"3":{"start":{"line":17,"column":6},"end":{"line":19,"column":null}},"4":{"start":{"line":18,"column":8},"end":{"line":18,"column":null}},"5":{"start":{"line":21,"column":4},"end":{"line":21,"column":null}},"6":{"start":{"line":22,"column":4},"end":{"line":22,"column":null}},"7":{"start":{"line":22,"column":17},"end":{"line":22,"column":null}},"8":{"start":{"line":25,"column":8},"end":{"line":29,"column":null}},"9":{"start":{"line":26,"column":4},"end":{"line":28,"column":null}},"10":{"start":{"line":27,"column":6},"end":{"line":27,"column":null}},"11":{"start":{"line":31,"column":2},"end":{"line":40,"column":null}},"12":{"start":{"line":32,"column":4},"end":{"line":39,"column":null}},"13":{"start":{"line":33,"column":32},"end":{"line":35,"column":null}},"14":{"start":{"line":36,"column":6},"end":{"line":38,"column":null}},"15":{"start":{"line":37,"column":8},"end":{"line":37,"column":null}},"16":{"start":{"line":42,"column":2},"end":{"line":42,"column":null}},"17":{"start":{"line":42,"column":15},"end":{"line":42,"column":null}},"18":{"start":{"line":44,"column":20},"end":{"line":44,"column":null}},"19":{"start":{"line":45,"column":2},"end":{"line":45,"column":null}},"20":{"start":{"line":45,"column":18},"end":{"line":45,"column":null}},"21":{"start":{"line":47,"column":2},"end":{"line":66,"column":null}}},"fnMap":{"0":{"name":"Modal","decl":{"start":{"line":12,"column":16},"end":{"line":12,"column":22}},"loc":{"start":{"line":12,"column":72},"end":{"line":67,"column":null}},"line":12},"1":{"name":"(anonymous_1)","decl":{"start":{"line":15,"column":2},"end":{"line":15,"column":18}},"loc":{"start":{"line":15,"column":18},"end":{"line":23,"column":5}},"line":15},"2":{"name":"(anonymous_2)","decl":{"start":{"line":16,"column":10},"end":{"line":16,"column":23}},"loc":{"start":{"line":16,"column":44},"end":{"line":20,"column":null}},"line":16},"3":{"name":"(anonymous_3)","decl":{"start":{"line":22,"column":4},"end":{"line":22,"column":17}},"loc":{"start":{"line":22,"column":17},"end":{"line":22,"column":null}},"line":22},"4":{"name":"(anonymous_4)","decl":{"start":{"line":25,"column":8},"end":{"line":25,"column":30}},"loc":{"start":{"line":25,"column":70},"end":{"line":29,"column":null}},"line":25},"5":{"name":"(anonymous_5)","decl":{"start":{"line":31,"column":2},"end":{"line":31,"column":18}},"loc":{"start":{"line":31,"column":18},"end":{"line":40,"column":5}},"line":31}},"branchMap":{"0":{"loc":{"start":{"line":17,"column":6},"end":{"line":19,"column":null}},"type":"if","locations":[{"start":{"line":17,"column":6},"end":{"line":19,"column":null}},{"start":{},"end":{}}],"line":17},"1":{"loc":{"start":{"line":17,"column":10},"end":{"line":17,"column":40}},"type":"binary-expr","locations":[{"start":{"line":17,"column":10},"end":{"line":17,"column":32}},{"start":{"line":17,"column":32},"end":{"line":17,"column":40}}],"line":17},"2":{"loc":{"start":{"line":26,"column":4},"end":{"line":28,"column":null}},"type":"if","locations":[{"start":{"line":26,"column":4},"end":{"line":28,"column":null}},{"start":{},"end":{}}],"line":26},"3":{"loc":{"start":{"line":26,"column":8},"end":{"line":26,"column":74}},"type":"binary-expr","locations":[{"start":{"line":26,"column":8},"end":{"line":26,"column":28}},{"start":{"line":26,"column":28},"end":{"line":26,"column":74}}],"line":26},"4":{"loc":{"start":{"line":32,"column":4},"end":{"line":39,"column":null}},"type":"if","locations":[{"start":{"line":32,"column":4},"end":{"line":39,"column":null}},{"start":{},"end":{}}],"line":32},"5":{"loc":{"start":{"line":32,"column":8},"end":{"line":32,"column":36}},"type":"binary-expr","locations":[{"start":{"line":32,"column":8},"end":{"line":32,"column":18}},{"start":{"line":32,"column":18},"end":{"line":32,"column":36}}],"line":32},"6":{"loc":{"start":{"line":36,"column":6},"end":{"line":38,"column":null}},"type":"if","locations":[{"start":{"line":36,"column":6},"end":{"line":38,"column":null}},{"start":{},"end":{}}],"line":36},"7":{"loc":{"start":{"line":42,"column":2},"end":{"line":42,"column":null}},"type":"if","locations":[{"start":{"line":42,"column":2},"end":{"line":42,"column":null}},{"start":{},"end":{}}],"line":42},"8":{"loc":{"start":{"line":45,"column":2},"end":{"line":45,"column":null}},"type":"if","locations":[{"start":{"line":45,"column":2},"end":{"line":45,"column":null}},{"start":{},"end":{}}],"line":45}},"s":{"0":4,"1":4,"2":4,"3":1,"4":1,"5":4,"6":4,"7":4,"8":4,"9":0,"10":0,"11":4,"12":4,"13":3,"14":3,"15":3,"16":4,"17":1,"18":3,"19":3,"20":0,"21":3},"f":{"0":4,"1":4,"2":1,"3":4,"4":0,"5":4},"b":{"0":[1,0],"1":[1,1],"2":[0,0],"3":[0,0],"4":[3,1],"5":[4,3],"6":[3,0],"7":[1,3],"8":[0,3]},"meta":{"lastBranch":9,"lastFunction":6,"lastStatement":22,"seen":{"f:12:16:12:22":0,"s:13:8:13:Infinity":0,"s:15:2:23:Infinity":1,"f:15:2:15:18":1,"s:16:10:20:Infinity":2,"f:16:10:16:23":2,"b:17:6:19:Infinity:undefined:undefined:undefined:undefined":0,"s:17:6:19:Infinity":3,"b:17:10:17:32:17:32:17:40":1,"s:18:8:18:Infinity":4,"s:21:4:21:Infinity":5,"s:22:4:22:Infinity":6,"f:22:4:22:17":3,"s:22:17:22:Infinity":7,"s:25:8:29:Infinity":8,"f:25:8:25:30":4,"b:26:4:28:Infinity:undefined:undefined:undefined:undefined":2,"s:26:4:28:Infinity":9,"b:26:8:26:28:26:28:26:74":3,"s:27:6:27:Infinity":10,"s:31:2:40:Infinity":11,"f:31:2:31:18":5,"b:32:4:39:Infinity:undefined:undefined:undefined:undefined":4,"s:32:4:39:Infinity":12,"b:32:8:32:18:32:18:32:36":5,"s:33:32:35:Infinity":13,"b:36:6:38:Infinity:undefined:undefined:undefined:undefined":6,"s:36:6:38:Infinity":14,"s:37:8:37:Infinity":15,"b:42:2:42:Infinity:undefined:undefined:undefined:undefined":7,"s:42:2:42:Infinity":16,"s:42:15:42:Infinity":17,"s:44:20:44:Infinity":18,"b:45:2:45:Infinity:undefined:undefined:undefined:undefined":8,"s:45:2:45:Infinity":19,"s:45:18:45:Infinity":20,"s:47:2:66:Infinity":21}}}
,"C:\\Репозитории-RSS\\learning-react\\src\\components\\ReactHookForm.tsx": {"path":"C:\\Репозитории-RSS\\learning-react\\src\\components\\ReactHookForm.tsx","statementMap":{"0":{"start":{"line":14,"column":19},"end":{"line":59,"column":null}},"1":{"start":{"line":19,"column":23},"end":{"line":19,"column":81}},"2":{"start":{"line":29,"column":23},"end":{"line":29,"column":42}},"3":{"start":{"line":32,"column":47},"end":{"line":32,"column":61}},"4":{"start":{"line":38,"column":23},"end":{"line":38,"column":47}},"5":{"start":{"line":39,"column":23},"end":{"line":39,"column":39}},"6":{"start":{"line":41,"column":17},"end":{"line":41,"column":null}},"7":{"start":{"line":45,"column":17},"end":{"line":45,"column":null}},"8":{"start":{"line":49,"column":17},"end":{"line":49,"column":null}},"9":{"start":{"line":56,"column":20},"end":{"line":56,"column":60}},"10":{"start":{"line":63,"column":6},"end":{"line":287,"column":null}},"11":{"start":{"line":64,"column":8},"end":{"line":64,"column":null}},"12":{"start":{"line":64,"column":48},"end":{"line":64,"column":67}},"13":{"start":{"line":65,"column":8},"end":{"line":65,"column":null}},"14":{"start":{"line":65,"column":44},"end":{"line":65,"column":59}},"15":{"start":{"line":66,"column":23},"end":{"line":66,"column":null}},"16":{"start":{"line":67,"column":22},"end":{"line":67,"column":null}},"17":{"start":{"line":68,"column":29},"end":{"line":68,"column":null}},"18":{"start":{"line":69,"column":26},"end":{"line":69,"column":null}},"19":{"start":{"line":80,"column":4},"end":{"line":94,"column":null}},"20":{"start":{"line":96,"column":24},"end":{"line":96,"column":null}},"21":{"start":{"line":98,"column":8},"end":{"line":119,"column":null}},"22":{"start":{"line":99,"column":4},"end":{"line":102,"column":null}},"23":{"start":{"line":100,"column":6},"end":{"line":100,"column":null}},"24":{"start":{"line":101,"column":6},"end":{"line":101,"column":null}},"25":{"start":{"line":104,"column":4},"end":{"line":114,"column":null}},"26":{"start":{"line":115,"column":4},"end":{"line":115,"column":null}},"27":{"start":{"line":116,"column":4},"end":{"line":116,"column":null}},"28":{"start":{"line":117,"column":4},"end":{"line":117,"column":null}},"29":{"start":{"line":118,"column":4},"end":{"line":118,"column":null}},"30":{"start":{"line":121,"column":28},"end":{"line":135,"column":null}},"31":{"start":{"line":122,"column":17},"end":{"line":122,"column":null}},"32":{"start":{"line":123,"column":4},"end":{"line":123,"column":null}},"33":{"start":{"line":123,"column":15},"end":{"line":123,"column":null}},"34":{"start":{"line":125,"column":10},"end":{"line":125,"column":null}},"35":{"start":{"line":126,"column":4},"end":{"line":129,"column":null}},"36":{"start":{"line":127,"column":6},"end":{"line":127,"column":null}},"37":{"start":{"line":128,"column":6},"end":{"line":128,"column":null}},"38":{"start":{"line":131,"column":4},"end":{"line":131,"column":null}},"39":{"start":{"line":132,"column":19},"end":{"line":132,"column":null}},"40":{"start":{"line":133,"column":4},"end":{"line":133,"column":null}},"41":{"start":{"line":134,"column":4},"end":{"line":134,"column":null}},"42":{"start":{"line":137,"column":8},"end":{"line":150,"column":null}},"43":{"start":{"line":138,"column":4},"end":{"line":138,"column":null}},"44":{"start":{"line":140,"column":4},"end":{"line":149,"column":null}},"45":{"start":{"line":141,"column":23},"end":{"line":143,"column":null}},"46":{"start":{"line":142,"column":8},"end":{"line":142,"column":null}},"47":{"start":{"line":144,"column":6},"end":{"line":144,"column":null}},"48":{"start":{"line":145,"column":6},"end":{"line":145,"column":null}},"49":{"start":{"line":147,"column":6},"end":{"line":147,"column":null}},"50":{"start":{"line":148,"column":6},"end":{"line":148,"column":null}},"51":{"start":{"line":152,"column":8},"end":{"line":156,"column":null}},"52":{"start":{"line":153,"column":4},"end":{"line":153,"column":null}},"53":{"start":{"line":154,"column":4},"end":{"line":154,"column":null}},"54":{"start":{"line":155,"column":4},"end":{"line":155,"column":null}},"55":{"start":{"line":158,"column":2},"end":{"line":285,"column":null}},"56":{"start":{"line":245,"column":29},"end":{"line":245,"column":null}},"57":{"start":{"line":251,"column":16},"end":{"line":253,"column":null}},"58":{"start":{"line":251,"column":49},"end":{"line":251,"column":null}}},"fnMap":{"0":{"name":"(anonymous_0)","decl":{"start":{"line":19,"column":7},"end":{"line":19,"column":15}},"loc":{"start":{"line":19,"column":23},"end":{"line":19,"column":81}},"line":19},"1":{"name":"(anonymous_1)","decl":{"start":{"line":29,"column":7},"end":{"line":29,"column":15}},"loc":{"start":{"line":29,"column":23},"end":{"line":29,"column":42}},"line":29},"2":{"name":"(anonymous_2)","decl":{"start":{"line":32,"column":31},"end":{"line":32,"column":39}},"loc":{"start":{"line":32,"column":47},"end":{"line":32,"column":61}},"line":32},"3":{"name":"(anonymous_3)","decl":{"start":{"line":38,"column":7},"end":{"line":38,"column":15}},"loc":{"start":{"line":38,"column":23},"end":{"line":38,"column":47}},"line":38},"4":{"name":"(anonymous_4)","decl":{"start":{"line":39,"column":7},"end":{"line":39,"column":15}},"loc":{"start":{"line":39,"column":23},"end":{"line":39,"column":39}},"line":39},"5":{"name":"(anonymous_5)","decl":{"start":{"line":40,"column":7},"end":{"line":40,"column":null}},"loc":{"start":{"line":41,"column":17},"end":{"line":41,"column":null}},"line":41},"6":{"name":"(anonymous_6)","decl":{"start":{"line":44,"column":7},"end":{"line":44,"column":null}},"loc":{"start":{"line":45,"column":17},"end":{"line":45,"column":null}},"line":45},"7":{"name":"(anonymous_7)","decl":{"start":{"line":48,"column":7},"end":{"line":48,"column":null}},"loc":{"start":{"line":49,"column":17},"end":{"line":49,"column":null}},"line":49},"8":{"name":"(anonymous_8)","decl":{"start":{"line":56,"column":3},"end":{"line":56,"column":11}},"loc":{"start":{"line":56,"column":20},"end":{"line":56,"column":60}},"line":56},"9":{"name":"(anonymous_9)","decl":{"start":{"line":63,"column":6},"end":{"line":63,"column":23}},"loc":{"start":{"line":63,"column":59},"end":{"line":287,"column":null}},"line":63},"10":{"name":"(anonymous_10)","decl":{"start":{"line":64,"column":24},"end":{"line":64,"column":38}},"loc":{"start":{"line":64,"column":48},"end":{"line":64,"column":67}},"line":64},"11":{"name":"(anonymous_11)","decl":{"start":{"line":65,"column":20},"end":{"line":65,"column":34}},"loc":{"start":{"line":65,"column":44},"end":{"line":65,"column":59}},"line":65},"12":{"name":"(anonymous_12)","decl":{"start":{"line":98,"column":8},"end":{"line":98,"column":20}},"loc":{"start":{"line":98,"column":39},"end":{"line":119,"column":null}},"line":98},"13":{"name":"(anonymous_13)","decl":{"start":{"line":121,"column":28},"end":{"line":121,"column":35}},"loc":{"start":{"line":121,"column":78},"end":{"line":135,"column":null}},"line":121},"14":{"name":"(anonymous_14)","decl":{"start":{"line":137,"column":8},"end":{"line":137,"column":30}},"loc":{"start":{"line":137,"column":48},"end":{"line":150,"column":null}},"line":137},"15":{"name":"(anonymous_15)","decl":{"start":{"line":141,"column":33},"end":{"line":141,"column":41}},"loc":{"start":{"line":142,"column":8},"end":{"line":142,"column":null}},"line":142},"16":{"name":"(anonymous_16)","decl":{"start":{"line":152,"column":8},"end":{"line":152,"column":25}},"loc":{"start":{"line":152,"column":45},"end":{"line":156,"column":null}},"line":152},"17":{"name":"(anonymous_17)","decl":{"start":{"line":245,"column":12},"end":{"line":245,"column":23}},"loc":{"start":{"line":245,"column":29},"end":{"line":245,"column":null}},"line":245},"18":{"name":"(anonymous_18)","decl":{"start":{"line":250,"column":34},"end":{"line":250,"column":39}},"loc":{"start":{"line":251,"column":16},"end":{"line":253,"column":null}},"line":251},"19":{"name":"(anonymous_19)","decl":{"start":{"line":251,"column":34},"end":{"line":251,"column":49}},"loc":{"start":{"line":251,"column":49},"end":{"line":251,"column":null}},"line":251}},"branchMap":{"0":{"loc":{"start":{"line":19,"column":23},"end":{"line":19,"column":81}},"type":"binary-expr","locations":[{"start":{"line":19,"column":23},"end":{"line":19,"column":30}},{"start":{"line":19,"column":30},"end":{"line":19,"column":48}},{"start":{"line":19,"column":48},"end":{"line":19,"column":81}}],"line":19},"1":{"loc":{"start":{"line":38,"column":23},"end":{"line":38,"column":47}},"type":"binary-expr","locations":[{"start":{"line":38,"column":23},"end":{"line":38,"column":30}},{"start":{"line":38,"column":30},"end":{"line":38,"column":47}}],"line":38},"2":{"loc":{"start":{"line":99,"column":4},"end":{"line":102,"column":null}},"type":"if","locations":[{"start":{"line":99,"column":4},"end":{"line":102,"column":null}},{"start":{},"end":{}}],"line":99},"3":{"loc":{"start":{"line":111,"column":19},"end":{"line":111,"column":null}},"type":"binary-expr","locations":[{"start":{"line":111,"column":19},"end":{"line":111,"column":34}},{"start":{"line":111,"column":34},"end":{"line":111,"column":null}}],"line":111},"4":{"loc":{"start":{"line":123,"column":4},"end":{"line":123,"column":null}},"type":"if","locations":[{"start":{"line":123,"column":4},"end":{"line":123,"column":null}},{"start":{},"end":{}}],"line":123},"5":{"loc":{"start":{"line":126,"column":4},"end":{"line":129,"column":null}},"type":"if","locations":[{"start":{"line":126,"column":4},"end":{"line":129,"column":null}},{"start":{},"end":{}}],"line":126},"6":{"loc":{"start":{"line":140,"column":4},"end":{"line":149,"column":null}},"type":"if","locations":[{"start":{"line":140,"column":4},"end":{"line":149,"column":null}},{"start":{"line":146,"column":11},"end":{"line":149,"column":null}}],"line":140},"7":{"loc":{"start":{"line":163,"column":9},"end":{"line":163,"column":null}},"type":"binary-expr","locations":[{"start":{"line":163,"column":9},"end":{"line":163,"column":24}},{"start":{"line":163,"column":24},"end":{"line":163,"column":null}}],"line":163},"8":{"loc":{"start":{"line":173,"column":9},"end":{"line":173,"column":null}},"type":"binary-expr","locations":[{"start":{"line":173,"column":9},"end":{"line":173,"column":23}},{"start":{"line":173,"column":23},"end":{"line":173,"column":null}}],"line":173},"9":{"loc":{"start":{"line":179,"column":9},"end":{"line":179,"column":null}},"type":"binary-expr","locations":[{"start":{"line":179,"column":9},"end":{"line":179,"column":25}},{"start":{"line":179,"column":25},"end":{"line":179,"column":null}}],"line":179},"10":{"loc":{"start":{"line":192,"column":9},"end":{"line":193,"column":null}},"type":"binary-expr","locations":[{"start":{"line":192,"column":9},"end":{"line":192,"column":null}},{"start":{"line":193,"column":10},"end":{"line":193,"column":null}}],"line":192},"11":{"loc":{"start":{"line":205,"column":9},"end":{"line":206,"column":null}},"type":"binary-expr","locations":[{"start":{"line":205,"column":9},"end":{"line":205,"column":null}},{"start":{"line":206,"column":10},"end":{"line":206,"column":null}}],"line":205},"12":{"loc":{"start":{"line":208,"column":9},"end":{"line":213,"column":null}},"type":"binary-expr","locations":[{"start":{"line":208,"column":9},"end":{"line":208,"column":null}},{"start":{"line":209,"column":10},"end":{"line":213,"column":null}}],"line":208},"13":{"loc":{"start":{"line":220,"column":9},"end":{"line":221,"column":null}},"type":"binary-expr","locations":[{"start":{"line":220,"column":9},"end":{"line":220,"column":null}},{"start":{"line":221,"column":10},"end":{"line":221,"column":null}}],"line":220},"14":{"loc":{"start":{"line":233,"column":9},"end":{"line":234,"column":null}},"type":"binary-expr","locations":[{"start":{"line":233,"column":9},"end":{"line":233,"column":null}},{"start":{"line":234,"column":10},"end":{"line":234,"column":null}}],"line":233},"15":{"loc":{"start":{"line":248,"column":11},"end":{"line":257,"column":null}},"type":"binary-expr","locations":[{"start":{"line":248,"column":11},"end":{"line":248,"column":30}},{"start":{"line":248,"column":30},"end":{"line":248,"column":null}},{"start":{"line":249,"column":12},"end":{"line":257,"column":null}}],"line":248},"16":{"loc":{"start":{"line":258,"column":9},"end":{"line":259,"column":null}},"type":"binary-expr","locations":[{"start":{"line":258,"column":9},"end":{"line":258,"column":null}},{"start":{"line":259,"column":10},"end":{"line":259,"column":null}}],"line":258},"17":{"loc":{"start":{"line":272,"column":9},"end":{"line":275,"column":null}},"type":"binary-expr","locations":[{"start":{"line":272,"column":9},"end":{"line":272,"column":null}},{"start":{"line":273,"column":10},"end":{"line":275,"column":null}}],"line":272},"18":{"loc":{"start":{"line":281,"column":40},"end":{"line":281,"column":66}},"type":"binary-expr","locations":[{"start":{"line":281,"column":40},"end":{"line":281,"column":52}},{"start":{"line":281,"column":52},"end":{"line":281,"column":66}}],"line":281}},"s":{"0":1,"1":6,"2":6,"3":6,"4":6,"5":6,"6":6,"7":6,"8":6,"9":0,"10":1,"11":13,"12":13,"13":13,"14":13,"15":13,"16":13,"17":13,"18":13,"19":13,"20":13,"21":13,"22":0,"23":0,"24":0,"25":0,"26":0,"27":0,"28":0,"29":0,"30":13,"31":1,"32":1,"33":0,"34":1,"35":1,"36":1,"37":1,"38":0,"39":0,"40":0,"41":0,"42":13,"43":2,"44":2,"45":2,"46":6,"47":2,"48":2,"49":0,"50":0,"51":13,"52":0,"53":0,"54":0,"55":13,"56":2,"57":4,"58":0},"f":{"0":6,"1":6,"2":6,"3":6,"4":6,"5":6,"6":6,"7":6,"8":0,"9":13,"10":13,"11":13,"12":0,"13":1,"14":2,"15":6,"16":0,"17":2,"18":4,"19":0},"b":{"0":[6,0,0],"1":[6,0],"2":[0,0],"3":[0,0],"4":[0,1],"5":[1,0],"6":[2,0],"7":[13,0],"8":[13,0],"9":[13,0],"10":[13,0],"11":[13,1],"12":[13,0],"13":[13,0],"14":[13,0],"15":[13,4,4],"16":[13,0],"17":[13,0],"18":[13,0]},"meta":{"lastBranch":19,"lastFunction":20,"lastStatement":59,"seen":{"s:14:19:59:Infinity":0,"f:19:7:19:15":0,"s:19:23:19:81":1,"b:19:23:19:30:19:30:19:48:19:48:19:81":0,"f:29:7:29:15":1,"s:29:23:29:42":2,"f:32:31:32:39":2,"s:32:47:32:61":3,"f:38:7:38:15":3,"s:38:23:38:47":4,"b:38:23:38:30:38:30:38:47":1,"f:39:7:39:15":4,"s:39:23:39:39":5,"f:40:7:40:Infinity":5,"s:41:17:41:Infinity":6,"f:44:7:44:Infinity":6,"s:45:17:45:Infinity":7,"f:48:7:48:Infinity":7,"s:49:17:49:Infinity":8,"f:56:3:56:11":8,"s:56:20:56:60":9,"s:63:6:287:Infinity":10,"f:63:6:63:23":9,"s:64:8:64:Infinity":11,"f:64:24:64:38":10,"s:64:48:64:67":12,"s:65:8:65:Infinity":13,"f:65:20:65:34":11,"s:65:44:65:59":14,"s:66:23:66:Infinity":15,"s:67:22:67:Infinity":16,"s:68:29:68:Infinity":17,"s:69:26:69:Infinity":18,"s:80:4:94:Infinity":19,"s:96:24:96:Infinity":20,"s:98:8:119:Infinity":21,"f:98:8:98:20":12,"b:99:4:102:Infinity:undefined:undefined:undefined:undefined":2,"s:99:4:102:Infinity":22,"s:100:6:100:Infinity":23,"s:101:6:101:Infinity":24,"s:104:4:114:Infinity":25,"b:111:19:111:34:111:34:111:Infinity":3,"s:115:4:115:Infinity":26,"s:116:4:116:Infinity":27,"s:117:4:117:Infinity":28,"s:118:4:118:Infinity":29,"s:121:28:135:Infinity":30,"f:121:28:121:35":13,"s:122:17:122:Infinity":31,"b:123:4:123:Infinity:undefined:undefined:undefined:undefined":4,"s:123:4:123:Infinity":32,"s:123:15:123:Infinity":33,"s:125:10:125:Infinity":34,"b:126:4:129:Infinity:undefined:undefined:undefined:undefined":5,"s:126:4:129:Infinity":35,"s:127:6:127:Infinity":36,"s:128:6:128:Infinity":37,"s:131:4:131:Infinity":38,"s:132:19:132:Infinity":39,"s:133:4:133:Infinity":40,"s:134:4:134:Infinity":41,"s:137:8:150:Infinity":42,"f:137:8:137:30":14,"s:138:4:138:Infinity":43,"b:140:4:149:Infinity:146:11:149:Infinity":6,"s:140:4:149:Infinity":44,"s:141:23:143:Infinity":45,"f:141:33:141:41":15,"s:142:8:142:Infinity":46,"s:144:6:144:Infinity":47,"s:145:6:145:Infinity":48,"s:147:6:147:Infinity":49,"s:148:6:148:Infinity":50,"s:152:8:156:Infinity":51,"f:152:8:152:25":16,"s:153:4:153:Infinity":52,"s:154:4:154:Infinity":53,"s:155:4:155:Infinity":54,"s:158:2:285:Infinity":55,"b:163:9:163:24:163:24:163:Infinity":7,"b:173:9:173:23:173:23:173:Infinity":8,"b:179:9:179:25:179:25:179:Infinity":9,"b:192:9:192:Infinity:193:10:193:Infinity":10,"b:205:9:205:Infinity:206:10:206:Infinity":11,"b:208:9:208:Infinity:209:10:213:Infinity":12,"b:220:9:220:Infinity:221:10:221:Infinity":13,"b:233:9:233:Infinity:234:10:234:Infinity":14,"f:245:12:245:23":17,"s:245:29:245:Infinity":56,"b:248:11:248:30:248:30:248:Infinity:249:12:257:Infinity":15,"f:250:34:250:39":18,"s:251:16:253:Infinity":57,"f:251:34:251:49":19,"s:251:49:251:Infinity":58,"b:258:9:258:Infinity:259:10:259:Infinity":16,"b:272:9:272:Infinity:273:10:275:Infinity":17,"b:281:40:281:52:281:52:281:66":18}}}
,"C:\\Репозитории-RSS\\learning-react\\src\\components\\UncontrolledForm.tsx": {"path":"C:\\Репозитории-RSS\\learning-react\\src\\components\\UncontrolledForm.tsx","statementMap":{"0":{"start":{"line":12,"column":19},"end":{"line":55,"column":null}},"1":{"start":{"line":18,"column":17},"end":{"line":18,"column":null}},"2":{"start":{"line":31,"column":23},"end":{"line":31,"column":37}},"3":{"start":{"line":35,"column":23},"end":{"line":35,"column":47}},"4":{"start":{"line":36,"column":23},"end":{"line":36,"column":39}},"5":{"start":{"line":38,"column":17},"end":{"line":38,"column":null}},"6":{"start":{"line":42,"column":17},"end":{"line":42,"column":null}},"7":{"start":{"line":46,"column":17},"end":{"line":46,"column":null}},"8":{"start":{"line":52,"column":20},"end":{"line":52,"column":60}},"9":{"start":{"line":57,"column":6},"end":{"line":332,"column":null}},"10":{"start":{"line":58,"column":8},"end":{"line":58,"column":null}},"11":{"start":{"line":58,"column":48},"end":{"line":58,"column":67}},"12":{"start":{"line":59,"column":8},"end":{"line":59,"column":null}},"13":{"start":{"line":59,"column":44},"end":{"line":59,"column":59}},"14":{"start":{"line":60,"column":17},"end":{"line":60,"column":null}},"15":{"start":{"line":61,"column":23},"end":{"line":61,"column":null}},"16":{"start":{"line":62,"column":27},"end":{"line":62,"column":null}},"17":{"start":{"line":64,"column":8},"end":{"line":64,"column":null}},"18":{"start":{"line":65,"column":8},"end":{"line":65,"column":null}},"19":{"start":{"line":66,"column":8},"end":{"line":66,"column":null}},"20":{"start":{"line":67,"column":8},"end":{"line":67,"column":null}},"21":{"start":{"line":68,"column":8},"end":{"line":68,"column":null}},"22":{"start":{"line":69,"column":8},"end":{"line":69,"column":null}},"23":{"start":{"line":70,"column":8},"end":{"line":70,"column":null}},"24":{"start":{"line":71,"column":8},"end":{"line":71,"column":null}},"25":{"start":{"line":72,"column":8},"end":{"line":72,"column":null}},"26":{"start":{"line":73,"column":22},"end":{"line":73,"column":null}},"27":{"start":{"line":74,"column":26},"end":{"line":74,"column":null}},"28":{"start":{"line":75,"column":29},"end":{"line":75,"column":null}},"29":{"start":{"line":76,"column":26},"end":{"line":76,"column":null}},"30":{"start":{"line":78,"column":8},"end":{"line":96,"column":null}},"31":{"start":{"line":79,"column":4},"end":{"line":79,"column":null}},"32":{"start":{"line":79,"column":25},"end":{"line":79,"column":null}},"33":{"start":{"line":80,"column":4},"end":{"line":80,"column":null}},"34":{"start":{"line":80,"column":24},"end":{"line":80,"column":null}},"35":{"start":{"line":81,"column":4},"end":{"line":81,"column":null}},"36":{"start":{"line":81,"column":26},"end":{"line":81,"column":null}},"37":{"start":{"line":82,"column":4},"end":{"line":82,"column":null}},"38":{"start":{"line":82,"column":27},"end":{"line":82,"column":null}},"39":{"start":{"line":83,"column":4},"end":{"line":83,"column":null}},"40":{"start":{"line":83,"column":26},"end":{"line":83,"column":null}},"41":{"start":{"line":84,"column":4},"end":{"line":84,"column":null}},"42":{"start":{"line":84,"column":29},"end":{"line":84,"column":null}},"43":{"start":{"line":85,"column":4},"end":{"line":85,"column":null}},"44":{"start":{"line":85,"column":36},"end":{"line":85,"column":null}},"45":{"start":{"line":86,"column":4},"end":{"line":86,"column":null}},"46":{"start":{"line":86,"column":28},"end":{"line":86,"column":null}},"47":{"start":{"line":87,"column":4},"end":{"line":87,"column":null}},"48":{"start":{"line":87,"column":26},"end":{"line":87,"column":null}},"49":{"start":{"line":89,"column":4},"end":{"line":89,"column":null}},"50":{"start":{"line":90,"column":4},"end":{"line":90,"column":null}},"51":{"start":{"line":91,"column":4},"end":{"line":91,"column":null}},"52":{"start":{"line":92,"column":4},"end":{"line":92,"column":null}},"53":{"start":{"line":93,"column":4},"end":{"line":93,"column":null}},"54":{"start":{"line":94,"column":4},"end":{"line":94,"column":null}},"55":{"start":{"line":95,"column":4},"end":{"line":95,"column":null}},"56":{"start":{"line":98,"column":28},"end":{"line":120,"column":null}},"57":{"start":{"line":99,"column":17},"end":{"line":99,"column":null}},"58":{"start":{"line":100,"column":4},"end":{"line":100,"column":null}},"59":{"start":{"line":100,"column":15},"end":{"line":100,"column":null}},"60":{"start":{"line":102,"column":10},"end":{"line":102,"column":null}},"61":{"start":{"line":103,"column":4},"end":{"line":110,"column":null}},"62":{"start":{"line":104,"column":6},"end":{"line":108,"column":null}},"63":{"start":{"line":105,"column":26},"end":{"line":105,"column":null}},"64":{"start":{"line":106,"column":8},"end":{"line":106,"column":null}},"65":{"start":{"line":107,"column":8},"end":{"line":107,"column":null}},"66":{"start":{"line":109,"column":6},"end":{"line":109,"column":null}},"67":{"start":{"line":112,"column":4},"end":{"line":116,"column":null}},"68":{"start":{"line":113,"column":24},"end":{"line":113,"column":null}},"69":{"start":{"line":114,"column":6},"end":{"line":114,"column":null}},"70":{"start":{"line":115,"column":6},"end":{"line":115,"column":null}},"71":{"start":{"line":117,"column":19},"end":{"line":117,"column":null}},"72":{"start":{"line":118,"column":4},"end":{"line":118,"column":null}},"73":{"start":{"line":119,"column":4},"end":{"line":119,"column":null}},"74":{"start":{"line":122,"column":8},"end":{"line":136,"column":null}},"75":{"start":{"line":123,"column":18},"end":{"line":123,"column":null}},"76":{"start":{"line":124,"column":4},"end":{"line":124,"column":null}},"77":{"start":{"line":126,"column":4},"end":{"line":135,"column":null}},"78":{"start":{"line":127,"column":23},"end":{"line":129,"column":null}},"79":{"start":{"line":128,"column":8},"end":{"line":128,"column":null}},"80":{"start":{"line":130,"column":6},"end":{"line":130,"column":null}},"81":{"start":{"line":131,"column":6},"end":{"line":131,"column":null}},"82":{"start":{"line":133,"column":6},"end":{"line":133,"column":null}},"83":{"start":{"line":134,"column":6},"end":{"line":134,"column":null}},"84":{"start":{"line":138,"column":8},"end":{"line":145,"column":null}},"85":{"start":{"line":139,"column":4},"end":{"line":139,"column":null}},"86":{"start":{"line":140,"column":4},"end":{"line":140,"column":null}},"87":{"start":{"line":141,"column":4},"end":{"line":141,"column":null}},"88":{"start":{"line":142,"column":4},"end":{"line":144,"column":null}},"89":{"start":{"line":143,"column":6},"end":{"line":143,"column":null}},"90":{"start":{"line":147,"column":8},"end":{"line":174,"column":null}},"91":{"start":{"line":148,"column":21},"end":{"line":157,"column":null}},"92":{"start":{"line":159,"column":19},"end":{"line":159,"column":null}},"93":{"start":{"line":161,"column":4},"end":{"line":170,"column":null}},"94":{"start":{"line":162,"column":48},"end":{"line":162,"column":null}},"95":{"start":{"line":163,"column":6},"end":{"line":167,"column":null}},"96":{"start":{"line":164,"column":8},"end":{"line":166,"column":null}},"97":{"start":{"line":165,"column":10},"end":{"line":165,"column":null}},"98":{"start":{"line":168,"column":6},"end":{"line":168,"column":null}},"99":{"start":{"line":169,"column":6},"end":{"line":169,"column":null}},"100":{"start":{"line":172,"column":4},"end":{"line":172,"column":null}},"101":{"start":{"line":173,"column":4},"end":{"line":173,"column":null}},"102":{"start":{"line":176,"column":8},"end":{"line":194,"column":null}},"103":{"start":{"line":177,"column":4},"end":{"line":177,"column":null}},"104":{"start":{"line":179,"column":4},"end":{"line":179,"column":null}},"105":{"start":{"line":179,"column":21},"end":{"line":179,"column":null}},"106":{"start":{"line":181,"column":4},"end":{"line":191,"column":null}},"107":{"start":{"line":192,"column":4},"end":{"line":192,"column":null}},"108":{"start":{"line":193,"column":4},"end":{"line":193,"column":null}},"109":{"start":{"line":196,"column":2},"end":{"line":330,"column":null}},"110":{"start":{"line":271,"column":27},"end":{"line":271,"column":null}},"111":{"start":{"line":304,"column":16},"end":{"line":306,"column":null}},"112":{"start":{"line":304,"column":49},"end":{"line":304,"column":null}}},"fnMap":{"0":{"name":"(anonymous_0)","decl":{"start":{"line":17,"column":7},"end":{"line":17,"column":null}},"loc":{"start":{"line":18,"column":17},"end":{"line":18,"column":null}},"line":18},"1":{"name":"(anonymous_1)","decl":{"start":{"line":31,"column":7},"end":{"line":31,"column":15}},"loc":{"start":{"line":31,"column":23},"end":{"line":31,"column":37}},"line":31},"2":{"name":"(anonymous_2)","decl":{"start":{"line":35,"column":7},"end":{"line":35,"column":15}},"loc":{"start":{"line":35,"column":23},"end":{"line":35,"column":47}},"line":35},"3":{"name":"(anonymous_3)","decl":{"start":{"line":36,"column":7},"end":{"line":36,"column":15}},"loc":{"start":{"line":36,"column":23},"end":{"line":36,"column":39}},"line":36},"4":{"name":"(anonymous_4)","decl":{"start":{"line":37,"column":7},"end":{"line":37,"column":null}},"loc":{"start":{"line":38,"column":17},"end":{"line":38,"column":null}},"line":38},"5":{"name":"(anonymous_5)","decl":{"start":{"line":41,"column":7},"end":{"line":41,"column":null}},"loc":{"start":{"line":42,"column":17},"end":{"line":42,"column":null}},"line":42},"6":{"name":"(anonymous_6)","decl":{"start":{"line":45,"column":7},"end":{"line":45,"column":null}},"loc":{"start":{"line":46,"column":17},"end":{"line":46,"column":null}},"line":46},"7":{"name":"(anonymous_7)","decl":{"start":{"line":52,"column":3},"end":{"line":52,"column":11}},"loc":{"start":{"line":52,"column":20},"end":{"line":52,"column":60}},"line":52},"8":{"name":"(anonymous_8)","decl":{"start":{"line":57,"column":6},"end":{"line":57,"column":26}},"loc":{"start":{"line":57,"column":65},"end":{"line":332,"column":null}},"line":57},"9":{"name":"(anonymous_9)","decl":{"start":{"line":58,"column":24},"end":{"line":58,"column":38}},"loc":{"start":{"line":58,"column":48},"end":{"line":58,"column":67}},"line":58},"10":{"name":"(anonymous_10)","decl":{"start":{"line":59,"column":20},"end":{"line":59,"column":34}},"loc":{"start":{"line":59,"column":44},"end":{"line":59,"column":59}},"line":59},"11":{"name":"(anonymous_11)","decl":{"start":{"line":78,"column":8},"end":{"line":78,"column":26}},"loc":{"start":{"line":78,"column":26},"end":{"line":96,"column":null}},"line":78},"12":{"name":"(anonymous_12)","decl":{"start":{"line":98,"column":28},"end":{"line":98,"column":35}},"loc":{"start":{"line":98,"column":78},"end":{"line":120,"column":null}},"line":98},"13":{"name":"(anonymous_13)","decl":{"start":{"line":104,"column":6},"end":{"line":104,"column":17}},"loc":{"start":{"line":104,"column":26},"end":{"line":108,"column":7}},"line":104},"14":{"name":"(anonymous_14)","decl":{"start":{"line":112,"column":4},"end":{"line":112,"column":15}},"loc":{"start":{"line":112,"column":24},"end":{"line":116,"column":5}},"line":112},"15":{"name":"(anonymous_15)","decl":{"start":{"line":122,"column":8},"end":{"line":122,"column":30}},"loc":{"start":{"line":122,"column":73},"end":{"line":136,"column":null}},"line":122},"16":{"name":"(anonymous_16)","decl":{"start":{"line":127,"column":33},"end":{"line":127,"column":41}},"loc":{"start":{"line":128,"column":8},"end":{"line":128,"column":null}},"line":128},"17":{"name":"(anonymous_17)","decl":{"start":{"line":138,"column":8},"end":{"line":138,"column":25}},"loc":{"start":{"line":138,"column":45},"end":{"line":145,"column":null}},"line":138},"18":{"name":"(anonymous_18)","decl":{"start":{"line":147,"column":8},"end":{"line":147,"column":25}},"loc":{"start":{"line":147,"column":25},"end":{"line":174,"column":null}},"line":147},"19":{"name":"(anonymous_19)","decl":{"start":{"line":163,"column":26},"end":{"line":163,"column":35}},"loc":{"start":{"line":163,"column":43},"end":{"line":167,"column":7}},"line":163},"20":{"name":"(anonymous_20)","decl":{"start":{"line":176,"column":8},"end":{"line":176,"column":24}},"loc":{"start":{"line":176,"column":47},"end":{"line":194,"column":null}},"line":176},"21":{"name":"(anonymous_21)","decl":{"start":{"line":271,"column":10},"end":{"line":271,"column":21}},"loc":{"start":{"line":271,"column":27},"end":{"line":271,"column":null}},"line":271},"22":{"name":"(anonymous_22)","decl":{"start":{"line":303,"column":34},"end":{"line":303,"column":39}},"loc":{"start":{"line":304,"column":16},"end":{"line":306,"column":null}},"line":304},"23":{"name":"(anonymous_23)","decl":{"start":{"line":304,"column":34},"end":{"line":304,"column":49}},"loc":{"start":{"line":304,"column":49},"end":{"line":304,"column":null}},"line":304}},"branchMap":{"0":{"loc":{"start":{"line":18,"column":17},"end":{"line":18,"column":null}},"type":"binary-expr","locations":[{"start":{"line":18,"column":17},"end":{"line":18,"column":24}},{"start":{"line":18,"column":24},"end":{"line":18,"column":42}},{"start":{"line":18,"column":42},"end":{"line":18,"column":null}}],"line":18},"1":{"loc":{"start":{"line":35,"column":23},"end":{"line":35,"column":47}},"type":"binary-expr","locations":[{"start":{"line":35,"column":23},"end":{"line":35,"column":30}},{"start":{"line":35,"column":30},"end":{"line":35,"column":47}}],"line":35},"2":{"loc":{"start":{"line":79,"column":4},"end":{"line":79,"column":null}},"type":"if","locations":[{"start":{"line":79,"column":4},"end":{"line":79,"column":null}},{"start":{},"end":{}}],"line":79},"3":{"loc":{"start":{"line":80,"column":4},"end":{"line":80,"column":null}},"type":"if","locations":[{"start":{"line":80,"column":4},"end":{"line":80,"column":null}},{"start":{},"end":{}}],"line":80},"4":{"loc":{"start":{"line":81,"column":4},"end":{"line":81,"column":null}},"type":"if","locations":[{"start":{"line":81,"column":4},"end":{"line":81,"column":null}},{"start":{},"end":{}}],"line":81},"5":{"loc":{"start":{"line":82,"column":4},"end":{"line":82,"column":null}},"type":"if","locations":[{"start":{"line":82,"column":4},"end":{"line":82,"column":null}},{"start":{},"end":{}}],"line":82},"6":{"loc":{"start":{"line":83,"column":4},"end":{"line":83,"column":null}},"type":"if","locations":[{"start":{"line":83,"column":4},"end":{"line":83,"column":null}},{"start":{},"end":{}}],"line":83},"7":{"loc":{"start":{"line":84,"column":4},"end":{"line":84,"column":null}},"type":"if","locations":[{"start":{"line":84,"column":4},"end":{"line":84,"column":null}},{"start":{},"end":{}}],"line":84},"8":{"loc":{"start":{"line":85,"column":4},"end":{"line":85,"column":null}},"type":"if","locations":[{"start":{"line":85,"column":4},"end":{"line":85,"column":null}},{"start":{},"end":{}}],"line":85},"9":{"loc":{"start":{"line":86,"column":4},"end":{"line":86,"column":null}},"type":"if","locations":[{"start":{"line":86,"column":4},"end":{"line":86,"column":null}},{"start":{},"end":{}}],"line":86},"10":{"loc":{"start":{"line":87,"column":4},"end":{"line":87,"column":null}},"type":"if","locations":[{"start":{"line":87,"column":4},"end":{"line":87,"column":null}},{"start":{},"end":{}}],"line":87},"11":{"loc":{"start":{"line":100,"column":4},"end":{"line":100,"column":null}},"type":"if","locations":[{"start":{"line":100,"column":4},"end":{"line":100,"column":null}},{"start":{},"end":{}}],"line":100},"12":{"loc":{"start":{"line":103,"column":4},"end":{"line":110,"column":null}},"type":"if","locations":[{"start":{"line":103,"column":4},"end":{"line":110,"column":null}},{"start":{},"end":{}}],"line":103},"13":{"loc":{"start":{"line":126,"column":4},"end":{"line":135,"column":null}},"type":"if","locations":[{"start":{"line":126,"column":4},"end":{"line":135,"column":null}},{"start":{"line":132,"column":11},"end":{"line":135,"column":null}}],"line":126},"14":{"loc":{"start":{"line":142,"column":4},"end":{"line":144,"column":null}},"type":"if","locations":[{"start":{"line":142,"column":4},"end":{"line":144,"column":null}},{"start":{},"end":{}}],"line":142},"15":{"loc":{"start":{"line":149,"column":12},"end":{"line":149,"column":null}},"type":"binary-expr","locations":[{"start":{"line":149,"column":12},"end":{"line":149,"column":38}},{"start":{"line":149,"column":38},"end":{"line":149,"column":null}}],"line":149},"16":{"loc":{"start":{"line":150,"column":20},"end":{"line":150,"column":48}},"type":"binary-expr","locations":[{"start":{"line":150,"column":20},"end":{"line":150,"column":45}},{"start":{"line":150,"column":45},"end":{"line":150,"column":48}}],"line":150},"17":{"loc":{"start":{"line":151,"column":13},"end":{"line":151,"column":null}},"type":"binary-expr","locations":[{"start":{"line":151,"column":13},"end":{"line":151,"column":40}},{"start":{"line":151,"column":40},"end":{"line":151,"column":null}}],"line":151},"18":{"loc":{"start":{"line":153,"column":21},"end":{"line":153,"column":null}},"type":"binary-expr","locations":[{"start":{"line":153,"column":21},"end":{"line":153,"column":50}},{"start":{"line":153,"column":50},"end":{"line":153,"column":null}}],"line":153},"19":{"loc":{"start":{"line":154,"column":16},"end":{"line":154,"column":null}},"type":"binary-expr","locations":[{"start":{"line":154,"column":16},"end":{"line":154,"column":46}},{"start":{"line":154,"column":46},"end":{"line":154,"column":null}}],"line":154},"20":{"loc":{"start":{"line":155,"column":23},"end":{"line":155,"column":null}},"type":"binary-expr","locations":[{"start":{"line":155,"column":23},"end":{"line":155,"column":60}},{"start":{"line":155,"column":60},"end":{"line":155,"column":null}}],"line":155},"21":{"loc":{"start":{"line":161,"column":4},"end":{"line":170,"column":null}},"type":"if","locations":[{"start":{"line":161,"column":4},"end":{"line":170,"column":null}},{"start":{},"end":{}}],"line":161},"22":{"loc":{"start":{"line":164,"column":8},"end":{"line":166,"column":null}},"type":"if","locations":[{"start":{"line":164,"column":8},"end":{"line":166,"column":null}},{"start":{},"end":{}}],"line":164},"23":{"loc":{"start":{"line":179,"column":4},"end":{"line":179,"column":null}},"type":"if","locations":[{"start":{"line":179,"column":4},"end":{"line":179,"column":null}},{"start":{},"end":{}}],"line":179},"24":{"loc":{"start":{"line":183,"column":12},"end":{"line":183,"column":null}},"type":"binary-expr","locations":[{"start":{"line":183,"column":12},"end":{"line":183,"column":38}},{"start":{"line":183,"column":38},"end":{"line":183,"column":null}}],"line":183},"25":{"loc":{"start":{"line":184,"column":20},"end":{"line":184,"column":48}},"type":"binary-expr","locations":[{"start":{"line":184,"column":20},"end":{"line":184,"column":45}},{"start":{"line":184,"column":45},"end":{"line":184,"column":48}}],"line":184},"26":{"loc":{"start":{"line":185,"column":13},"end":{"line":185,"column":null}},"type":"binary-expr","locations":[{"start":{"line":185,"column":13},"end":{"line":185,"column":40}},{"start":{"line":185,"column":40},"end":{"line":185,"column":null}}],"line":185},"27":{"loc":{"start":{"line":186,"column":15},"end":{"line":186,"column":null}},"type":"binary-expr","locations":[{"start":{"line":186,"column":15},"end":{"line":186,"column":75}},{"start":{"line":186,"column":75},"end":{"line":186,"column":null}}],"line":186},"28":{"loc":{"start":{"line":187,"column":21},"end":{"line":187,"column":null}},"type":"binary-expr","locations":[{"start":{"line":187,"column":21},"end":{"line":187,"column":50}},{"start":{"line":187,"column":50},"end":{"line":187,"column":null}}],"line":187},"29":{"loc":{"start":{"line":188,"column":19},"end":{"line":188,"column":null}},"type":"binary-expr","locations":[{"start":{"line":188,"column":19},"end":{"line":188,"column":34}},{"start":{"line":188,"column":34},"end":{"line":188,"column":null}}],"line":188},"30":{"loc":{"start":{"line":189,"column":16},"end":{"line":189,"column":null}},"type":"binary-expr","locations":[{"start":{"line":189,"column":16},"end":{"line":189,"column":46}},{"start":{"line":189,"column":46},"end":{"line":189,"column":null}}],"line":189},"31":{"loc":{"start":{"line":190,"column":15},"end":{"line":190,"column":null}},"type":"binary-expr","locations":[{"start":{"line":190,"column":15},"end":{"line":190,"column":34}},{"start":{"line":190,"column":34},"end":{"line":190,"column":null}}],"line":190},"32":{"loc":{"start":{"line":206,"column":9},"end":{"line":206,"column":null}},"type":"binary-expr","locations":[{"start":{"line":206,"column":9},"end":{"line":206,"column":24}},{"start":{"line":206,"column":24},"end":{"line":206,"column":null}}],"line":206},"33":{"loc":{"start":{"line":217,"column":9},"end":{"line":217,"column":null}},"type":"binary-expr","locations":[{"start":{"line":217,"column":9},"end":{"line":217,"column":23}},{"start":{"line":217,"column":23},"end":{"line":217,"column":null}}],"line":217},"34":{"loc":{"start":{"line":228,"column":9},"end":{"line":228,"column":null}},"type":"binary-expr","locations":[{"start":{"line":228,"column":9},"end":{"line":228,"column":25}},{"start":{"line":228,"column":25},"end":{"line":228,"column":null}}],"line":228},"35":{"loc":{"start":{"line":241,"column":9},"end":{"line":241,"column":null}},"type":"binary-expr","locations":[{"start":{"line":241,"column":9},"end":{"line":241,"column":26}},{"start":{"line":241,"column":26},"end":{"line":241,"column":null}}],"line":241},"36":{"loc":{"start":{"line":255,"column":9},"end":{"line":255,"column":null}},"type":"binary-expr","locations":[{"start":{"line":255,"column":9},"end":{"line":255,"column":25}},{"start":{"line":255,"column":25},"end":{"line":255,"column":null}}],"line":255},"37":{"loc":{"start":{"line":256,"column":9},"end":{"line":261,"column":null}},"type":"binary-expr","locations":[{"start":{"line":256,"column":9},"end":{"line":256,"column":null}},{"start":{"line":257,"column":10},"end":{"line":261,"column":null}}],"line":256},"38":{"loc":{"start":{"line":273,"column":9},"end":{"line":273,"column":null}},"type":"binary-expr","locations":[{"start":{"line":273,"column":9},"end":{"line":273,"column":28}},{"start":{"line":273,"column":28},"end":{"line":273,"column":null}}],"line":273},"39":{"loc":{"start":{"line":286,"column":9},"end":{"line":287,"column":null}},"type":"binary-expr","locations":[{"start":{"line":286,"column":9},"end":{"line":286,"column":null}},{"start":{"line":287,"column":10},"end":{"line":287,"column":null}}],"line":286},"40":{"loc":{"start":{"line":301,"column":11},"end":{"line":310,"column":null}},"type":"binary-expr","locations":[{"start":{"line":301,"column":11},"end":{"line":301,"column":30}},{"start":{"line":301,"column":30},"end":{"line":301,"column":null}},{"start":{"line":302,"column":12},"end":{"line":310,"column":null}}],"line":301},"41":{"loc":{"start":{"line":311,"column":9},"end":{"line":311,"column":null}},"type":"binary-expr","locations":[{"start":{"line":311,"column":9},"end":{"line":311,"column":27}},{"start":{"line":311,"column":27},"end":{"line":311,"column":null}}],"line":311},"42":{"loc":{"start":{"line":319,"column":9},"end":{"line":322,"column":null}},"type":"binary-expr","locations":[{"start":{"line":319,"column":9},"end":{"line":319,"column":null}},{"start":{"line":320,"column":10},"end":{"line":322,"column":null}}],"line":319}},"s":{"0":1,"1":2,"2":2,"3":2,"4":2,"5":2,"6":2,"7":2,"8":2,"9":1,"10":44,"11":44,"12":44,"13":44,"14":44,"15":44,"16":44,"17":44,"18":44,"19":44,"20":44,"21":44,"22":44,"23":44,"24":44,"25":44,"26":44,"27":44,"28":44,"29":44,"30":44,"31":1,"32":1,"33":1,"34":1,"35":1,"36":1,"37":1,"38":1,"39":1,"40":1,"41":1,"42":1,"43":1,"44":1,"45":1,"46":1,"47":1,"48":1,"49":1,"50":1,"51":1,"52":1,"53":1,"54":1,"55":1,"56":44,"57":2,"58":2,"59":0,"60":2,"61":2,"62":1,"63":1,"64":1,"65":1,"66":1,"67":1,"68":1,"69":1,"70":1,"71":1,"72":1,"73":1,"74":44,"75":10,"76":10,"77":10,"78":10,"79":30,"80":10,"81":10,"82":0,"83":0,"84":44,"85":1,"86":1,"87":1,"88":1,"89":1,"90":44,"91":2,"92":2,"93":2,"94":1,"95":1,"96":1,"97":1,"98":1,"99":1,"100":1,"101":1,"102":44,"103":2,"104":2,"105":1,"106":1,"107":2,"108":2,"109":44,"110":20,"111":11,"112":1},"f":{"0":2,"1":2,"2":2,"3":2,"4":2,"5":2,"6":2,"7":2,"8":44,"9":44,"10":44,"11":1,"12":2,"13":1,"14":1,"15":10,"16":30,"17":1,"18":2,"19":1,"20":2,"21":20,"22":11,"23":1},"b":{"0":[2,2,2],"1":[2,2],"2":[1,0],"3":[1,0],"4":[1,0],"5":[1,0],"6":[1,0],"7":[1,0],"8":[1,0],"9":[1,0],"10":[1,0],"11":[0,2],"12":[1,1],"13":[10,0],"14":[1,0],"15":[2,0],"16":[2,0],"17":[2,0],"18":[2,0],"19":[2,0],"20":[2,0],"21":[1,1],"22":[1,0],"23":[1,1],"24":[1,0],"25":[2,0],"26":[2,0],"27":[2,0],"28":[2,0],"29":[2,1],"30":[2,0],"31":[2,0],"32":[44,0],"33":[44,0],"34":[44,0],"35":[44,0],"36":[44,0],"37":[44,1],"38":[44,0],"39":[44,1],"40":[44,11,11],"41":[44,0],"42":[44,0]},"meta":{"lastBranch":43,"lastFunction":24,"lastStatement":113,"seen":{"s:12:19:55:Infinity":0,"f:17:7:17:Infinity":0,"s:18:17:18:Infinity":1,"b:18:17:18:24:18:24:18:42:18:42:18:Infinity":0,"f:31:7:31:15":1,"s:31:23:31:37":2,"f:35:7:35:15":2,"s:35:23:35:47":3,"b:35:23:35:30:35:30:35:47":1,"f:36:7:36:15":3,"s:36:23:36:39":4,"f:37:7:37:Infinity":4,"s:38:17:38:Infinity":5,"f:41:7:41:Infinity":5,"s:42:17:42:Infinity":6,"f:45:7:45:Infinity":6,"s:46:17:46:Infinity":7,"f:52:3:52:11":7,"s:52:20:52:60":8,"s:57:6:332:Infinity":9,"f:57:6:57:26":8,"s:58:8:58:Infinity":10,"f:58:24:58:38":9,"s:58:48:58:67":11,"s:59:8:59:Infinity":12,"f:59:20:59:34":10,"s:59:44:59:59":13,"s:60:17:60:Infinity":14,"s:61:23:61:Infinity":15,"s:62:27:62:Infinity":16,"s:64:8:64:Infinity":17,"s:65:8:65:Infinity":18,"s:66:8:66:Infinity":19,"s:67:8:67:Infinity":20,"s:68:8:68:Infinity":21,"s:69:8:69:Infinity":22,"s:70:8:70:Infinity":23,"s:71:8:71:Infinity":24,"s:72:8:72:Infinity":25,"s:73:22:73:Infinity":26,"s:74:26:74:Infinity":27,"s:75:29:75:Infinity":28,"s:76:26:76:Infinity":29,"s:78:8:96:Infinity":30,"f:78:8:78:26":11,"b:79:4:79:Infinity:undefined:undefined:undefined:undefined":2,"s:79:4:79:Infinity":31,"s:79:25:79:Infinity":32,"b:80:4:80:Infinity:undefined:undefined:undefined:undefined":3,"s:80:4:80:Infinity":33,"s:80:24:80:Infinity":34,"b:81:4:81:Infinity:undefined:undefined:undefined:undefined":4,"s:81:4:81:Infinity":35,"s:81:26:81:Infinity":36,"b:82:4:82:Infinity:undefined:undefined:undefined:undefined":5,"s:82:4:82:Infinity":37,"s:82:27:82:Infinity":38,"b:83:4:83:Infinity:undefined:undefined:undefined:undefined":6,"s:83:4:83:Infinity":39,"s:83:26:83:Infinity":40,"b:84:4:84:Infinity:undefined:undefined:undefined:undefined":7,"s:84:4:84:Infinity":41,"s:84:29:84:Infinity":42,"b:85:4:85:Infinity:undefined:undefined:undefined:undefined":8,"s:85:4:85:Infinity":43,"s:85:36:85:Infinity":44,"b:86:4:86:Infinity:undefined:undefined:undefined:undefined":9,"s:86:4:86:Infinity":45,"s:86:28:86:Infinity":46,"b:87:4:87:Infinity:undefined:undefined:undefined:undefined":10,"s:87:4:87:Infinity":47,"s:87:26:87:Infinity":48,"s:89:4:89:Infinity":49,"s:90:4:90:Infinity":50,"s:91:4:91:Infinity":51,"s:92:4:92:Infinity":52,"s:93:4:93:Infinity":53,"s:94:4:94:Infinity":54,"s:95:4:95:Infinity":55,"s:98:28:120:Infinity":56,"f:98:28:98:35":12,"s:99:17:99:Infinity":57,"b:100:4:100:Infinity:undefined:undefined:undefined:undefined":11,"s:100:4:100:Infinity":58,"s:100:15:100:Infinity":59,"s:102:10:102:Infinity":60,"b:103:4:110:Infinity:undefined:undefined:undefined:undefined":12,"s:103:4:110:Infinity":61,"s:104:6:108:Infinity":62,"f:104:6:104:17":13,"s:105:26:105:Infinity":63,"s:106:8:106:Infinity":64,"s:107:8:107:Infinity":65,"s:109:6:109:Infinity":66,"s:112:4:116:Infinity":67,"f:112:4:112:15":14,"s:113:24:113:Infinity":68,"s:114:6:114:Infinity":69,"s:115:6:115:Infinity":70,"s:117:19:117:Infinity":71,"s:118:4:118:Infinity":72,"s:119:4:119:Infinity":73,"s:122:8:136:Infinity":74,"f:122:8:122:30":15,"s:123:18:123:Infinity":75,"s:124:4:124:Infinity":76,"b:126:4:135:Infinity:132:11:135:Infinity":13,"s:126:4:135:Infinity":77,"s:127:23:129:Infinity":78,"f:127:33:127:41":16,"s:128:8:128:Infinity":79,"s:130:6:130:Infinity":80,"s:131:6:131:Infinity":81,"s:133:6:133:Infinity":82,"s:134:6:134:Infinity":83,"s:138:8:145:Infinity":84,"f:138:8:138:25":17,"s:139:4:139:Infinity":85,"s:140:4:140:Infinity":86,"s:141:4:141:Infinity":87,"b:142:4:144:Infinity:undefined:undefined:undefined:undefined":14,"s:142:4:144:Infinity":88,"s:143:6:143:Infinity":89,"s:147:8:174:Infinity":90,"f:147:8:147:25":18,"s:148:21:157:Infinity":91,"b:149:12:149:38:149:38:149:Infinity":15,"b:150:20:150:45:150:45:150:48":16,"b:151:13:151:40:151:40:151:Infinity":17,"b:153:21:153:50:153:50:153:Infinity":18,"b:154:16:154:46:154:46:154:Infinity":19,"b:155:23:155:60:155:60:155:Infinity":20,"s:159:19:159:Infinity":92,"b:161:4:170:Infinity:undefined:undefined:undefined:undefined":21,"s:161:4:170:Infinity":93,"s:162:48:162:Infinity":94,"s:163:6:167:Infinity":95,"f:163:26:163:35":19,"b:164:8:166:Infinity:undefined:undefined:undefined:undefined":22,"s:164:8:166:Infinity":96,"s:165:10:165:Infinity":97,"s:168:6:168:Infinity":98,"s:169:6:169:Infinity":99,"s:172:4:172:Infinity":100,"s:173:4:173:Infinity":101,"s:176:8:194:Infinity":102,"f:176:8:176:24":20,"s:177:4:177:Infinity":103,"b:179:4:179:Infinity:undefined:undefined:undefined:undefined":23,"s:179:4:179:Infinity":104,"s:179:21:179:Infinity":105,"s:181:4:191:Infinity":106,"b:183:12:183:38:183:38:183:Infinity":24,"b:184:20:184:45:184:45:184:48":25,"b:185:13:185:40:185:40:185:Infinity":26,"b:186:15:186:75:186:75:186:Infinity":27,"b:187:21:187:50:187:50:187:Infinity":28,"b:188:19:188:34:188:34:188:Infinity":29,"b:189:16:189:46:189:46:189:Infinity":30,"b:190:15:190:34:190:34:190:Infinity":31,"s:192:4:192:Infinity":107,"s:193:4:193:Infinity":108,"s:196:2:330:Infinity":109,"b:206:9:206:24:206:24:206:Infinity":32,"b:217:9:217:23:217:23:217:Infinity":33,"b:228:9:228:25:228:25:228:Infinity":34,"b:241:9:241:26:241:26:241:Infinity":35,"b:255:9:255:25:255:25:255:Infinity":36,"b:256:9:256:Infinity:257:10:261:Infinity":37,"f:271:10:271:21":21,"s:271:27:271:Infinity":110,"b:273:9:273:28:273:28:273:Infinity":38,"b:286:9:286:Infinity:287:10:287:Infinity":39,"b:301:11:301:30:301:30:301:Infinity:302:12:310:Infinity":40,"f:303:34:303:39":22,"s:304:16:306:Infinity":111,"f:304:34:304:49":23,"s:304:49:304:Infinity":112,"b:311:9:311:27:311:27:311:Infinity":41,"b:319:9:319:Infinity:320:10:322:Infinity":42}}}
,"C:\\Репозитории-RSS\\learning-react\\src\\store\\formStore.ts": {"path":"C:\\Репозитории-RSS\\learning-react\\src\\store\\formStore.ts","statementMap":{"0":{"start":{"line":14,"column":13},"end":{"line":48,"column":null}},"1":{"start":{"line":14,"column":56},"end":{"line":48,"column":2}},"2":{"start":{"line":19,"column":36},"end":{"line":24,"column":null}},"3":{"start":{"line":26,"column":4},"end":{"line":28,"column":null}},"4":{"start":{"line":26,"column":20},"end":{"line":28,"column":6}},"5":{"start":{"line":30,"column":4},"end":{"line":38,"column":null}},"6":{"start":{"line":31,"column":6},"end":{"line":37,"column":null}},"7":{"start":{"line":31,"column":22},"end":{"line":37,"column":8}},"8":{"start":{"line":33,"column":10},"end":{"line":35,"column":null}},"9":{"start":{"line":42,"column":4},"end":{"line":46,"column":null}},"10":{"start":{"line":42,"column":20},"end":{"line":46,"column":6}},"11":{"start":{"line":44,"column":8},"end":{"line":44,"column":null}}},"fnMap":{"0":{"name":"(anonymous_0)","decl":{"start":{"line":14,"column":28},"end":{"line":14,"column":47}},"loc":{"start":{"line":14,"column":56},"end":{"line":48,"column":2}},"line":14},"1":{"name":"(anonymous_1)","decl":{"start":{"line":18,"column":2},"end":{"line":18,"column":18}},"loc":{"start":{"line":18,"column":27},"end":{"line":39,"column":null}},"line":18},"2":{"name":"(anonymous_2)","decl":{"start":{"line":26,"column":4},"end":{"line":26,"column":9}},"loc":{"start":{"line":26,"column":20},"end":{"line":28,"column":6}},"line":26},"3":{"name":"(anonymous_3)","decl":{"start":{"line":30,"column":4},"end":{"line":30,"column":21}},"loc":{"start":{"line":30,"column":21},"end":{"line":38,"column":7}},"line":30},"4":{"name":"(anonymous_4)","decl":{"start":{"line":31,"column":6},"end":{"line":31,"column":11}},"loc":{"start":{"line":31,"column":22},"end":{"line":37,"column":8}},"line":31},"5":{"name":"(anonymous_5)","decl":{"start":{"line":32,"column":39},"end":{"line":32,"column":44}},"loc":{"start":{"line":33,"column":10},"end":{"line":35,"column":null}},"line":33},"6":{"name":"(anonymous_6)","decl":{"start":{"line":41,"column":2},"end":{"line":41,"column":17}},"loc":{"start":{"line":41,"column":24},"end":{"line":47,"column":null}},"line":41},"7":{"name":"(anonymous_7)","decl":{"start":{"line":42,"column":4},"end":{"line":42,"column":9}},"loc":{"start":{"line":42,"column":20},"end":{"line":46,"column":6}},"line":42},"8":{"name":"(anonymous_8)","decl":{"start":{"line":43,"column":37},"end":{"line":43,"column":42}},"loc":{"start":{"line":44,"column":8},"end":{"line":44,"column":null}},"line":44}},"branchMap":{"0":{"loc":{"start":{"line":33,"column":10},"end":{"line":35,"column":null}},"type":"cond-expr","locations":[{"start":{"line":34,"column":14},"end":{"line":34,"column":null}},{"start":{"line":35,"column":14},"end":{"line":35,"column":null}}],"line":33},"1":{"loc":{"start":{"line":44,"column":8},"end":{"line":44,"column":null}},"type":"cond-expr","locations":[{"start":{"line":44,"column":24},"end":{"line":44,"column":62}},{"start":{"line":44,"column":62},"end":{"line":44,"column":null}}],"line":44}},"s":{"0":1,"1":1,"2":3,"3":3,"4":3,"5":3,"6":1,"7":1,"8":1,"9":1,"10":1,"11":1},"f":{"0":1,"1":3,"2":3,"3":1,"4":1,"5":1,"6":1,"7":1,"8":1},"b":{"0":[1,0],"1":[1,0]},"meta":{"lastBranch":2,"lastFunction":9,"lastStatement":12,"seen":{"s:14:13:48:Infinity":0,"f:14:28:14:47":0,"s:14:56:48:2":1,"f:18:2:18:18":1,"s:19:36:24:Infinity":2,"s:26:4:28:Infinity":3,"f:26:4:26:9":2,"s:26:20:28:6":4,"s:30:4:38:Infinity":5,"f:30:4:30:21":3,"s:31:6:37:Infinity":6,"f:31:6:31:11":4,"s:31:22:37:8":7,"f:32:39:32:44":5,"s:33:10:35:Infinity":8,"b:34:14:34:Infinity:35:14:35:Infinity":0,"f:41:2:41:17":6,"s:42:4:46:Infinity":9,"f:42:4:42:9":7,"s:42:20:46:6":10,"f:43:37:43:42":8,"s:44:8:44:Infinity":11,"b:44:24:44:62:44:62:44:Infinity":1}}}
,"C:\\Репозитории-RSS\\learning-react\\src\\utils\\helpers.ts": {"path":"C:\\Репозитории-RSS\\learning-react\\src\\utils\\helpers.ts","statementMap":{"0":{"start":{"line":1,"column":13},"end":{"line":20,"column":null}},"1":{"start":{"line":10,"column":20},"end":{"line":10,"column":null}},"2":{"start":{"line":11,"column":23},"end":{"line":11,"column":null}},"3":{"start":{"line":12,"column":23},"end":{"line":12,"column":null}},"4":{"start":{"line":13,"column":21},"end":{"line":13,"column":null}},"5":{"start":{"line":15,"column":19},"end":{"line":17,"column":null}},"6":{"start":{"line":19,"column":2},"end":{"line":19,"column":null}},"7":{"start":{"line":22,"column":13},"end":{"line":29,"column":null}},"8":{"start":{"line":23,"column":2},"end":{"line":28,"column":null}},"9":{"start":{"line":24,"column":19},"end":{"line":24,"column":null}},"10":{"start":{"line":25,"column":4},"end":{"line":25,"column":null}},"11":{"start":{"line":26,"column":4},"end":{"line":26,"column":null}},"12":{"start":{"line":26,"column":26},"end":{"line":26,"column":null}},"13":{"start":{"line":27,"column":4},"end":{"line":27,"column":null}},"14":{"start":{"line":27,"column":32},"end":{"line":27,"column":null}},"15":{"start":{"line":31,"column":13},"end":{"line":46,"column":null}},"16":{"start":{"line":34,"column":21},"end":{"line":34,"column":null}},"17":{"start":{"line":35,"column":18},"end":{"line":35,"column":null}},"18":{"start":{"line":37,"column":2},"end":{"line":39,"column":null}},"19":{"start":{"line":38,"column":4},"end":{"line":38,"column":null}},"20":{"start":{"line":41,"column":2},"end":{"line":43,"column":null}},"21":{"start":{"line":42,"column":4},"end":{"line":42,"column":null}},"22":{"start":{"line":45,"column":2},"end":{"line":45,"column":null}}},"fnMap":{"0":{"name":"(anonymous_0)","decl":{"start":{"line":1,"column":13},"end":{"line":1,"column":null}},"loc":{"start":{"line":9,"column":5},"end":{"line":20,"column":null}},"line":9},"1":{"name":"(anonymous_1)","decl":{"start":{"line":22,"column":13},"end":{"line":22,"column":29}},"loc":{"start":{"line":22,"column":61},"end":{"line":29,"column":null}},"line":22},"2":{"name":"(anonymous_2)","decl":{"start":{"line":23,"column":13},"end":{"line":23,"column":22}},"loc":{"start":{"line":23,"column":42},"end":{"line":28,"column":3}},"line":23},"3":{"name":"(anonymous_3)","decl":{"start":{"line":26,"column":11},"end":{"line":26,"column":26}},"loc":{"start":{"line":26,"column":26},"end":{"line":26,"column":null}},"line":26},"4":{"name":"(anonymous_4)","decl":{"start":{"line":27,"column":11},"end":{"line":27,"column":22}},"loc":{"start":{"line":27,"column":32},"end":{"line":27,"column":null}},"line":27},"5":{"name":"(anonymous_5)","decl":{"start":{"line":31,"column":13},"end":{"line":31,"column":null}},"loc":{"start":{"line":33,"column":43},"end":{"line":46,"column":null}},"line":33}},"branchMap":{"0":{"loc":{"start":{"line":37,"column":2},"end":{"line":39,"column":null}},"type":"if","locations":[{"start":{"line":37,"column":2},"end":{"line":39,"column":null}},{"start":{},"end":{}}],"line":37},"1":{"loc":{"start":{"line":41,"column":2},"end":{"line":43,"column":null}},"type":"if","locations":[{"start":{"line":41,"column":2},"end":{"line":43,"column":null}},{"start":{},"end":{}}],"line":41}},"s":{"0":1,"1":4,"2":4,"3":4,"4":4,"5":4,"6":4,"7":1,"8":1,"9":1,"10":1,"11":1,"12":1,"13":1,"14":0,"15":1,"16":4,"17":4,"18":4,"19":1,"20":3,"21":1,"22":2},"f":{"0":4,"1":1,"2":1,"3":1,"4":0,"5":4},"b":{"0":[1,3],"1":[1,2]},"meta":{"lastBranch":2,"lastFunction":6,"lastStatement":23,"seen":{"s:1:13:20:Infinity":0,"f:1:13:1:Infinity":0,"s:10:20:10:Infinity":1,"s:11:23:11:Infinity":2,"s:12:23:12:Infinity":3,"s:13:21:13:Infinity":4,"s:15:19:17:Infinity":5,"s:19:2:19:Infinity":6,"s:22:13:29:Infinity":7,"f:22:13:22:29":1,"s:23:2:28:Infinity":8,"f:23:13:23:22":2,"s:24:19:24:Infinity":9,"s:25:4:25:Infinity":10,"s:26:4:26:Infinity":11,"f:26:11:26:26":3,"s:26:26:26:Infinity":12,"s:27:4:27:Infinity":13,"f:27:11:27:22":4,"s:27:32:27:Infinity":14,"s:31:13:46:Infinity":15,"f:31:13:31:Infinity":5,"s:34:21:34:Infinity":16,"s:35:18:35:Infinity":17,"b:37:2:39:Infinity:undefined:undefined:undefined:undefined":0,"s:37:2:39:Infinity":18,"s:38:4:38:Infinity":19,"b:41:2:43:Infinity:undefined:undefined:undefined:undefined":1,"s:41:2:43:Infinity":20,"s:42:4:42:Infinity":21,"s:45:2:45:Infinity":22}}}
}
