TN:
SF:src\App.tsx
FN:23,Layout
FN:60,App
FN:87,(anonymous_2)
FN:90,(anonymous_3)
FN:96,(anonymous_4)
FN:103,(anonymous_5)
FN:109,(anonymous_6)
FN:116,(anonymous_7)
FN:134,(anonymous_8)
FN:136,(anonymous_9)
FN:142,(anonymous_10)
FN:143,(anonymous_11)
FN:153,(anonymous_12)
FN:162,(anonymous_13)
FN:188,(anonymous_14)
FN:193,(anonymous_15)
FNF:16
FNH:8
FNDA:6,Layout
FNDA:6,App
FNDA:4,(anonymous_2)
FNDA:3,(anonymous_3)
FNDA:3,(anonymous_4)
FNDA:3,(anonymous_5)
FNDA:4,(anonymous_6)
FNDA:3,(anonymous_7)
FNDA:0,(anonymous_8)
FNDA:0,(anonymous_9)
FNDA:0,(anonymous_10)
FNDA:0,(anonymous_11)
FNDA:0,(anonymous_12)
FNDA:0,(anonymous_13)
FNDA:0,(anonymous_14)
FNDA:0,(anonymous_15)
DA:34,6
DA:36,6
DA:75,6
DA:77,6
DA:78,6
DA:82,6
DA:83,6
DA:84,6
DA:85,6
DA:87,6
DA:88,4
DA:89,3
DA:90,3
DA:91,3
DA:96,6
DA:97,3
DA:98,0
DA:99,0
DA:100,0
DA:103,6
DA:104,3
DA:105,0
DA:109,6
DA:110,4
DA:111,1
DA:112,1
DA:113,1
DA:116,6
DA:117,3
DA:118,3
DA:122,6
DA:124,6
DA:125,6
DA:126,6
DA:128,6
DA:130,6
DA:133,6
DA:135,0
DA:136,0
DA:141,6
DA:143,0
DA:144,0
DA:145,0
DA:146,0
DA:152,6
DA:154,0
DA:155,0
DA:156,0
DA:161,6
DA:163,0
DA:168,0
DA:171,0
DA:172,0
DA:173,0
DA:174,0
DA:176,0
DA:177,0
DA:180,0
DA:182,0
DA:188,6
DA:189,0
DA:190,0
DA:193,6
DA:194,0
DA:196,0
DA:197,0
DA:198,0
DA:200,0
DA:202,0
DA:204,0
DA:206,0
DA:209,0
DA:210,0
DA:211,0
DA:217,6
LF:75
LH:39
BRDA:37,0,0,0
BRDA:37,0,1,6
BRDA:51,1,0,6
BRDA:51,1,1,0
BRDA:88,2,0,3
BRDA:88,2,1,1
BRDA:88,3,0,4
BRDA:88,3,1,3
BRDA:97,4,0,0
BRDA:97,4,1,3
BRDA:99,5,0,0
BRDA:99,5,1,0
BRDA:104,6,0,0
BRDA:104,6,1,3
BRDA:110,7,0,1
BRDA:110,7,1,3
BRDA:113,8,0,1
BRDA:113,8,1,0
BRDA:117,9,0,3
BRDA:117,9,1,0
BRDA:130,10,0,6
BRDA:130,10,1,0
BRDA:163,11,0,0
BRDA:163,11,1,0
BRDA:164,12,0,0
BRDA:164,12,1,0
BRDA:164,12,2,0
BRDA:194,13,0,0
BRDA:194,13,1,0
BRDA:210,14,0,0
BRDA:210,14,1,0
BRDA:219,15,0,6
BRDA:219,15,1,6
BRDA:221,16,0,6
BRDA:221,16,1,6
BRDA:221,16,2,6
BRDA:226,17,0,0
BRDA:226,17,1,6
BRDA:226,18,0,6
BRDA:226,18,1,6
BRDA:243,19,0,6
BRDA:243,19,1,6
BRDA:244,20,0,0
BRDA:244,20,1,6
BRDA:247,21,0,6
BRDA:247,21,1,4
BRDA:249,22,0,6
BRDA:249,22,1,6
BRF:48
BRH:28
end_of_record
TN:
SF:src\main.tsx
FNF:0
FNH:0
DA:11,2
DA:12,2
DA:13,1
LF:3
LH:3
BRDA:12,0,0,1
BRDA:12,0,1,1
BRF:2
BRH:2
end_of_record
TN:
SF:src\components\about\about.component.tsx
FN:4,About
FNF:1
FNH:1
FNDA:1,About
DA:5,1
LF:1
LH:1
BRF:0
BRH:0
end_of_record
TN:
SF:src\components\common\errorDisplay.tsx
FN:9,ErrorDisplay
FNF:1
FNH:1
FNDA:31,ErrorDisplay
DA:13,31
LF:1
LH:1
BRDA:17,0,0,31
BRDA:17,0,1,29
BRF:2
BRH:2
end_of_record
TN:
SF:src\components\common\globalLoader.tsx
FN:4,GlobalLoader
FNF:1
FNH:0
FNDA:0,GlobalLoader
DA:5,0
DA:6,0
DA:7,0
DA:9,0
DA:11,0
LF:5
LH:0
BRDA:9,0,0,0
BRDA:9,0,1,0
BRF:2
BRH:0
end_of_record
TN:
SF:src\components\common\refreshButton.tsx
FN:10,RefreshButton
FN:18,(anonymous_1)
FNF:2
FNH:1
FNDA:2,RefreshButton
FNDA:0,(anonymous_1)
DA:15,2
DA:16,2
DA:18,2
DA:19,0
DA:21,0
DA:22,0
DA:25,0
DA:26,0
DA:28,0
DA:29,0
DA:34,2
LF:11
LH:4
BRDA:12,0,0,2
BRDA:16,1,0,2
BRDA:16,1,1,2
BRDA:19,2,0,0
BRDA:19,2,1,0
BRDA:21,3,0,0
BRDA:21,3,1,0
BRDA:28,4,0,0
BRDA:28,4,1,0
BRDA:36,5,0,0
BRDA:36,5,1,2
BRDA:42,6,0,0
BRDA:42,6,1,2
BRDA:43,7,0,0
BRDA:43,7,1,2
BRF:15
BRH:6
end_of_record
TN:
SF:src\components\header\header.component.tsx
FN:10,Header
FN:19,(anonymous_1)
FNF:2
FNH:1
FNDA:2,Header
FNDA:0,(anonymous_1)
DA:15,2
DA:16,2
DA:17,2
DA:19,2
DA:20,0
DA:21,0
DA:23,0
DA:27,2
LF:8
LH:5
BRDA:16,0,0,2
BRDA:16,0,1,2
BRDA:20,1,0,0
BRDA:20,1,1,0
BRF:4
BRH:2
end_of_record
TN:
SF:src\components\notFound\notFound.component.tsx
FN:5,NotFound
FNF:1
FNH:1
FNDA:1,NotFound
DA:6,1
DA:7,1
DA:9,1
LF:3
LH:3
BRDA:7,0,0,1
BRDA:7,0,1,1
BRF:2
BRH:2
end_of_record
TN:
SF:src\components\results\card.component.tsx
FN:7,Card
FN:20,(anonymous_1)
FN:25,(anonymous_2)
FN:37,(anonymous_3)
FN:45,(anonymous_4)
FN:64,(anonymous_5)
FNF:6
FNH:2
FNDA:6,Card
FNDA:0,(anonymous_1)
FNDA:1,(anonymous_2)
FNDA:0,(anonymous_3)
FNDA:0,(anonymous_4)
FNDA:0,(anonymous_5)
DA:14,6
DA:15,6
DA:16,6
DA:17,6
DA:18,6
DA:20,6
DA:21,0
DA:24,6
DA:26,1
DA:27,1
DA:28,1
DA:29,1
DA:30,1
DA:36,6
DA:38,0
DA:39,0
DA:46,0
DA:56,6
DA:64,0
LF:19
LH:14
BRDA:27,0,0,1
BRDA:27,0,1,0
BRDA:29,1,0,1
BRDA:29,1,1,1
BRDA:57,2,0,0
BRDA:57,2,1,6
BRDA:73,3,0,1
BRDA:73,3,1,5
BRDA:77,4,0,5
BRDA:77,4,1,1
BRDA:81,5,0,5
BRDA:81,5,1,1
BRF:12
BRH:10
end_of_record
TN:
SF:src\components\results\cards.component.tsx
FN:8,Cards
FN:29,(anonymous_1)
FNF:2
FNH:2
FNDA:5,Cards
FNDA:6,(anonymous_1)
DA:15,5
DA:16,2
DA:26,3
DA:27,2
DA:30,6
DA:36,1
LF:6
LH:6
BRDA:15,0,0,2
BRDA:15,0,1,3
BRDA:19,1,0,2
BRDA:19,1,1,1
BRDA:26,2,0,2
BRDA:26,2,1,1
BRF:6
BRH:6
end_of_record
TN:
SF:src\components\results\details.component.tsx
FN:5,Details
FN:12,(anonymous_1)
FN:53,(anonymous_2)
FNF:3
FNH:3
FNDA:13,Details
FNDA:2,(anonymous_1)
FNDA:45,(anonymous_2)
DA:6,13
DA:7,13
DA:8,13
DA:10,13
DA:12,13
DA:13,2
DA:14,2
DA:17,13
DA:19,12
DA:20,1
DA:30,11
DA:31,2
DA:32,2
DA:36,2
DA:38,0
DA:39,0
DA:41,2
DA:50,9
DA:51,13
DA:53,9
DA:54,45
DA:55,28
DA:56,3
DA:59,9
LF:24
LH:22
BRDA:13,0,0,2
BRDA:13,0,1,1
BRDA:17,1,0,1
BRDA:17,1,1,12
BRDA:19,2,0,1
BRDA:19,2,1,11
BRDA:19,3,0,12
BRDA:19,3,1,11
BRDA:30,4,0,2
BRDA:30,4,1,9
BRDA:32,5,0,2
BRDA:32,5,1,0
BRDA:33,6,0,2
BRDA:33,6,1,0
BRDA:38,7,0,0
BRDA:38,7,1,0
BRDA:51,8,0,0
BRDA:51,8,1,13
BRDA:54,9,0,17
BRDA:54,9,1,28
BRDA:55,10,0,25
BRDA:55,10,1,3
BRDA:63,11,0,9
BRDA:63,11,1,9
BRF:24
BRH:19
end_of_record
TN:
SF:src\components\results\pagination.component.tsx
FN:5,Pagination
FN:14,(anonymous_1)
FN:55,(anonymous_2)
FN:60,(anonymous_3)
FN:67,(anonymous_4)
FN:75,(anonymous_5)
FNF:6
FNH:4
FNDA:7,Pagination
FNDA:5,(anonymous_1)
FNDA:0,(anonymous_2)
FNDA:31,(anonymous_3)
FNDA:1,(anonymous_4)
FNDA:0,(anonymous_5)
DA:10,7
DA:11,2
DA:14,5
DA:15,5
DA:16,5
DA:18,5
DA:19,5
DA:21,5
DA:23,5
DA:24,1
DA:27,5
DA:28,21
DA:29,16
DA:33,5
DA:34,4
DA:37,5
DA:38,5
DA:41,5
DA:42,5
DA:43,31
DA:46,5
DA:49,5
DA:51,5
DA:55,0
DA:61,31
DA:67,1
DA:75,0
LF:27
LH:25
BRDA:10,0,0,2
BRDA:10,0,1,5
BRDA:23,1,0,1
BRDA:23,1,1,4
BRDA:23,2,0,5
BRDA:23,2,1,1
BRDA:28,3,0,16
BRDA:28,3,1,5
BRDA:28,4,0,21
BRDA:28,4,1,17
BRDA:33,5,0,4
BRDA:33,5,1,1
BRDA:33,6,0,5
BRDA:33,6,1,4
BRDA:37,7,0,5
BRDA:37,7,1,0
BRDA:43,8,0,31
BRDA:43,8,1,0
BRDA:64,9,0,5
BRDA:64,9,1,26
BRDA:64,10,0,31
BRDA:64,10,1,26
BRDA:67,11,0,1
BRDA:67,11,1,1
BRF:24
BRH:22
end_of_record
TN:
SF:src\components\results\result.component.tsx
FN:7,Result
FNF:1
FNH:1
FNDA:17,Result
DA:8,17
LF:1
LH:1
BRDA:18,0,0,17
BRDA:18,0,1,6
BRDA:18,0,2,1
BRF:3
BRH:3
end_of_record
TN:
SF:src\components\search\search.component.tsx
FN:5,(anonymous_0)
FN:26,Search
FN:27,(anonymous_2)
FN:34,(anonymous_3)
FN:42,(anonymous_4)
FN:59,(anonymous_5)
FNF:6
FNH:6
FNDA:14,(anonymous_0)
FNDA:14,Search
FNDA:2,(anonymous_2)
FNDA:6,(anonymous_3)
FNDA:5,(anonymous_4)
FNDA:2,(anonymous_5)
DA:5,4
DA:6,14
DA:8,10
DA:10,1
DA:12,1
DA:15,2
DA:22,0
DA:27,14
DA:28,2
DA:29,2
DA:33,14
DA:35,6
DA:36,1
DA:41,14
DA:43,5
DA:44,5
DA:46,5
DA:47,0
DA:48,0
DA:59,14
DA:60,2
DA:61,2
DA:62,2
DA:63,2
DA:66,14
LF:25
LH:22
BRDA:6,0,0,10
BRDA:6,0,1,1
BRDA:6,0,2,1
BRDA:6,0,3,1
BRDA:6,0,4,2
BRDA:6,0,5,0
BRDA:28,1,0,2
BRDA:28,1,1,0
BRDA:35,2,0,1
BRDA:35,2,1,5
BRDA:46,3,0,0
BRDA:46,3,1,5
BRDA:76,4,0,14
BRDA:76,4,1,6
BRF:14
BRH:11
end_of_record
TN:
SF:src\components\selectionComponents\selection-panel.component.tsx
FN:5,SelectionPanel
FN:12,(anonymous_1)
FN:17,(anonymous_2)
FN:46,(anonymous_3)
FN:60,(anonymous_4)
FNF:5
FNH:1
FNDA:6,SelectionPanel
FNDA:0,(anonymous_1)
FNDA:0,(anonymous_2)
FNDA:0,(anonymous_3)
FNDA:0,(anonymous_4)
DA:6,6
DA:9,6
DA:10,6
DA:12,6
DA:13,0
DA:16,6
DA:18,0
DA:23,6
DA:24,6
DA:27,0
DA:47,0
DA:60,0
LF:12
LH:7
BRDA:23,0,0,6
BRDA:23,0,1,0
BRDA:33,1,0,0
BRDA:33,1,1,0
BRDA:51,2,0,0
BRDA:51,2,1,0
BRDA:52,3,0,0
BRDA:52,3,1,0
BRDA:55,4,0,0
BRDA:55,4,1,0
BRF:10
BRH:1
end_of_record
TN:
SF:src\components\selectionComponents\selectionActions.component.tsx
FN:10,SelectionActions
FN:19,(anonymous_1)
FN:32,(anonymous_2)
FN:51,(anonymous_3)
FN:80,(anonymous_4)
FN:86,(anonymous_5)
FN:106,(anonymous_6)
FN:114,(anonymous_7)
FNF:8
FNH:1
FNDA:6,SelectionActions
FNDA:0,(anonymous_1)
FNDA:0,(anonymous_2)
FNDA:0,(anonymous_3)
FNDA:0,(anonymous_4)
FNDA:0,(anonymous_5)
FNDA:0,(anonymous_6)
FNDA:0,(anonymous_7)
DA:13,6
DA:16,6
DA:17,6
DA:19,6
DA:20,0
DA:32,0
DA:33,0
DA:34,0
DA:35,0
DA:36,0
DA:37,0
DA:39,0
DA:40,0
DA:41,0
DA:42,0
DA:45,0
DA:49,0
DA:51,0
DA:52,0
DA:54,0
DA:55,0
DA:58,0
DA:59,0
DA:62,0
DA:65,0
DA:78,0
DA:80,0
DA:83,0
DA:86,6
DA:87,0
DA:89,0
DA:90,0
DA:91,0
DA:92,0
DA:94,0
DA:95,0
DA:97,0
DA:98,0
DA:99,0
DA:100,0
DA:101,0
DA:103,0
DA:106,6
DA:107,0
DA:108,0
DA:110,0
DA:114,6
DA:115,0
DA:118,6
DA:119,6
DA:122,0
LF:51
LH:9
BRDA:34,0,0,0
BRDA:34,0,1,0
BRDA:34,1,0,0
BRDA:34,1,1,0
BRDA:34,2,0,0
BRDA:34,2,1,0
BRDA:35,3,0,0
BRDA:35,3,1,0
BRDA:36,4,0,0
BRDA:36,4,1,0
BRDA:40,5,0,0
BRDA:40,5,1,0
BRDA:41,6,0,0
BRDA:41,6,1,0
BRDA:42,7,0,0
BRDA:42,7,1,0
BRDA:45,8,0,0
BRDA:45,8,1,0
BRDA:54,9,0,0
BRDA:54,9,1,0
BRDA:58,10,0,0
BRDA:58,10,1,0
BRDA:58,11,0,0
BRDA:58,11,1,0
BRDA:68,12,0,0
BRDA:68,12,1,0
BRDA:69,13,0,0
BRDA:69,13,1,0
BRDA:70,14,0,0
BRDA:70,14,1,0
BRDA:87,15,0,0
BRDA:87,15,1,0
BRDA:107,16,0,0
BRDA:107,16,1,0
BRDA:118,17,0,6
BRDA:118,17,1,0
BRF:36
BRH:1
end_of_record
TN:
SF:src\components\themeSwitcher\themeSwitcher.component.tsx
FN:6,ThemeSwitcher
FN:13,(anonymous_1)
FN:21,(anonymous_2)
FNF:3
FNH:1
FNDA:2,ThemeSwitcher
FNDA:0,(anonymous_1)
FNDA:0,(anonymous_2)
DA:7,2
DA:9,2
DA:13,0
DA:21,0
LF:4
LH:2
BRDA:12,0,0,2
BRDA:12,0,1,0
BRDA:13,1,0,0
BRDA:13,1,1,0
BRDA:20,2,0,0
BRDA:20,2,1,2
BRDA:21,3,0,0
BRDA:21,3,1,0
BRF:8
BRH:2
end_of_record
TN:
SF:src\errorBoundary\errorBoundary.tsx
FN:6,(anonymous_0)
FN:12,(anonymous_1)
FN:19,(anonymous_2)
FN:29,(anonymous_3)
FN:35,(anonymous_4)
FN:39,(anonymous_5)
FNF:6
FNH:6
FNDA:20,(anonymous_0)
FNDA:19,(anonymous_1)
FNDA:9,(anonymous_2)
FNDA:11,(anonymous_3)
FNDA:3,(anonymous_4)
FNDA:50,(anonymous_5)
DA:7,20
DA:8,20
DA:9,20
DA:13,20
DA:20,9
DA:24,9
DA:27,19
DA:30,11
DA:31,0
DA:36,3
DA:40,50
DA:41,27
DA:50,23
LF:13
LH:12
BRDA:30,0,0,0
BRDA:30,0,1,11
BRDA:40,1,0,27
BRDA:40,1,1,23
BRF:4
BRH:3
end_of_record
TN:
SF:src\hooks\useAnimalQueries.ts
FN:6,(anonymous_0)
FN:8,(anonymous_1)
FN:11,useSearchAnimals
FN:14,(anonymous_3)
FN:17,(anonymous_4)
FN:21,useAnimalDetails
FN:24,(anonymous_6)
FN:35,useInvalidateAnimalCache
FN:38,(anonymous_8)
FN:48,(anonymous_9)
FN:55,usePrefetchAnimalDetails
FN:58,(anonymous_11)
FN:61,(anonymous_12)
FNF:13
FNH:5
FNDA:6,(anonymous_0)
FNDA:0,(anonymous_1)
FNDA:6,useSearchAnimals
FNDA:6,(anonymous_3)
FNDA:22,(anonymous_4)
FNDA:0,useAnimalDetails
FNDA:0,(anonymous_6)
FNDA:0,useInvalidateAnimalCache
FNDA:0,(anonymous_8)
FNDA:0,(anonymous_9)
FNDA:6,usePrefetchAnimalDetails
FNDA:0,(anonymous_11)
FNDA:0,(anonymous_12)
DA:4,5
DA:7,6
DA:8,0
DA:12,6
DA:14,6
DA:17,22
DA:22,0
DA:25,0
DA:26,0
DA:28,0
DA:36,0
DA:38,0
DA:39,0
DA:40,0
DA:44,0
DA:48,0
DA:49,0
DA:52,0
DA:56,6
DA:58,6
DA:59,0
DA:61,0
DA:66,6
LF:23
LH:8
BRDA:16,0,0,6
BRDA:16,0,1,6
BRDA:23,1,0,0
BRDA:23,1,1,0
BRDA:25,2,0,0
BRDA:25,2,1,0
BRDA:31,3,0,0
BRDA:31,3,1,0
BRDA:39,4,0,0
BRDA:39,4,1,0
BRDA:39,5,0,0
BRDA:39,5,1,0
BRDA:62,6,0,0
BRDA:62,6,1,0
BRF:14
BRH:2
end_of_record
TN:
SF:src\hooks\useTheme.ts
FN:4,useTheme
FNF:1
FNH:1
FNDA:4,useTheme
DA:5,4
DA:6,4
DA:7,0
DA:9,4
LF:4
LH:3
BRDA:6,0,0,0
BRDA:6,0,1,4
BRF:2
BRH:1
end_of_record
TN:
SF:src\services\animalApi.ts
FN:21,(anonymous_0)
FN:41,(anonymous_1)
FNF:2
FNH:2
FNDA:8,(anonymous_0)
FNDA:3,(anonymous_1)
DA:4,6
DA:20,6
DA:25,8
DA:34,8
DA:35,1
DA:38,1
DA:42,3
DA:44,2
DA:45,1
DA:48,1
LF:10
LH:10
BRDA:4,0,0,6
BRDA:4,0,1,6
BRDA:23,1,0,8
BRDA:34,2,0,1
BRDA:34,2,1,7
BRDA:44,3,0,1
BRDA:44,3,1,1
BRF:7
BRH:7
end_of_record
TN:
SF:src\stores\useAnimalStore.tsx
FN:30,(anonymous_0)
FN:42,(anonymous_1)
FN:43,(anonymous_2)
FN:44,(anonymous_3)
FN:45,(anonymous_4)
FN:46,(anonymous_5)
FN:52,(anonymous_6)
FN:53,(anonymous_7)
FN:54,(anonymous_8)
FN:55,(anonymous_9)
FN:56,(anonymous_10)
FN:57,(anonymous_11)
FN:58,(anonymous_12)
FN:59,(anonymous_13)
FNF:14
FNH:5
FNDA:3,(anonymous_0)
FNDA:1,(anonymous_1)
FNDA:0,(anonymous_2)
FNDA:1,(anonymous_3)
FNDA:0,(anonymous_4)
FNDA:0,(anonymous_5)
FNDA:0,(anonymous_6)
FNDA:1,(anonymous_7)
FNDA:1,(anonymous_8)
FNDA:0,(anonymous_9)
FNDA:0,(anonymous_10)
FNDA:0,(anonymous_11)
FNDA:0,(anonymous_12)
FNDA:0,(anonymous_13)
DA:30,3
DA:42,1
DA:43,0
DA:44,1
DA:46,0
DA:52,0
DA:53,1
DA:54,1
DA:55,0
DA:56,0
DA:57,0
DA:58,0
DA:60,0
LF:13
LH:5
BRDA:48,0,0,0
BRDA:48,0,1,0
BRDA:62,1,0,0
BRDA:62,1,1,0
BRF:4
BRH:0
end_of_record
TN:
SF:src\stores\useSelectionStore.ts
FN:23,(anonymous_0)
FN:26,(anonymous_1)
FN:41,(anonymous_2)
FN:51,(anonymous_3)
FN:58,(anonymous_4)
FN:62,(anonymous_5)
FN:66,(anonymous_6)
FN:70,(anonymous_7)
FN:74,(anonymous_8)
FN:81,(anonymous_9)
FN:88,(anonymous_10)
FN:101,(anonymous_11)
FN:104,(anonymous_12)
FN:116,(anonymous_13)
FNF:14
FNH:11
FNDA:5,(anonymous_0)
FNDA:3,(anonymous_1)
FNDA:13,(anonymous_2)
FNDA:2,(anonymous_3)
FNDA:13,(anonymous_4)
FNDA:11,(anonymous_5)
FNDA:26,(anonymous_6)
FNDA:16,(anonymous_7)
FNDA:0,(anonymous_8)
FNDA:5,(anonymous_9)
FNDA:0,(anonymous_10)
FNDA:31,(anonymous_11)
FNDA:20,(anonymous_12)
FNDA:0,(anonymous_13)
DA:21,5
DA:23,5
DA:27,3
DA:28,3
DA:30,3
DA:31,1
DA:33,2
DA:38,3
DA:42,13
DA:43,13
DA:44,13
DA:48,13
DA:52,2
DA:53,2
DA:54,2
DA:55,2
DA:59,13
DA:63,11
DA:67,26
DA:71,16
DA:75,0
DA:82,5
DA:83,5
DA:84,0
DA:85,0
DA:86,0
DA:87,0
DA:89,0
DA:93,0
DA:99,5
DA:102,31
DA:103,31
DA:105,20
DA:109,31
DA:114,31
DA:117,0
LF:36
LH:28
BRDA:30,0,0,1
BRDA:30,0,1,2
BRDA:83,1,0,0
BRDA:83,1,1,5
BRDA:86,2,0,0
BRDA:86,2,1,0
BRF:6
BRH:3
end_of_record
TN:
SF:src\tanstack\queryClient.ts
FNF:0
FNH:0
DA:3,4
DA:5,4
LF:2
LH:2
BRDA:3,0,0,4
BRDA:3,0,1,4
BRF:2
BRH:2
end_of_record
TN:
SF:src\utils\getIconByTheme.tsx
FN:43,getIconByTheme
FNF:1
FNH:1
FNDA:4,getIconByTheme
DA:4,4
DA:28,4
DA:44,4
LF:3
LH:3
BRDA:44,0,0,2
BRDA:44,0,1,2
BRF:2
BRH:2
end_of_record
