TN:
SF:src\App.tsx
FN:14,(anonymous_0)
FN:39,(anonymous_1)
FN:68,(anonymous_2)
FN:72,(anonymous_3)
FN:77,(anonymous_4)
FN:81,(anonymous_5)
FN:85,(anonymous_6)
FN:89,(anonymous_7)
FN:90,(anonymous_8)
FN:95,(anonymous_9)
FNF:10
FNH:0
FNDA:0,(anonymous_0)
FNDA:0,(anonymous_1)
FNDA:0,(anonymous_2)
FNDA:0,(anonymous_3)
FNDA:0,(anonymous_4)
FNDA:0,(anonymous_5)
FNDA:0,(anonymous_6)
FNDA:0,(anonymous_7)
FNDA:0,(anonymous_8)
FNDA:0,(anonymous_9)
DA:15,0
DA:16,0
DA:17,0
DA:18,0
DA:19,0
DA:21,0
DA:23,0
DA:32,0
DA:33,0
DA:34,0
DA:35,0
DA:36,0
DA:37,0
DA:40,0
DA:69,0
DA:73,0
DA:74,0
DA:78,0
DA:82,0
DA:86,0
DA:90,0
DA:95,0
DA:96,0
LF:23
LH:0
BRDA:19,0,0,0
BRDA:19,0,1,0
BRF:2
BRH:0
end_of_record
TN:
SF:src\main.tsx
FNF:0
FNH:0
DA:6,0
DA:7,0
DA:8,0
LF:3
LH:0
BRDA:7,0,0,0
BRDA:7,0,1,0
BRF:2
BRH:0
end_of_record
TN:
SF:src\components\header\header.component.tsx
FN:5,(anonymous_0)
FNF:1
FNH:1
FNDA:2,(anonymous_0)
DA:6,2
LF:1
LH:1
BRF:0
BRH:0
end_of_record
TN:
SF:src\components\results\card.component.tsx
FN:5,(anonymous_0)
FNF:1
FNH:1
FNDA:4,(anonymous_0)
DA:6,4
DA:8,4
LF:2
LH:2
BRDA:14,0,0,1
BRDA:14,0,1,3
BRDA:20,1,0,3
BRDA:20,1,1,1
BRDA:26,2,0,3
BRDA:26,2,1,1
BRF:6
BRH:6
end_of_record
TN:
SF:src\components\results\cards.component.tsx
FN:7,(anonymous_0)
FN:36,(anonymous_1)
FN:37,(anonymous_2)
FNF:3
FNH:3
FNDA:5,(anonymous_0)
FNDA:2,(anonymous_1)
FNDA:6,(anonymous_2)
DA:8,5
DA:9,2
DA:20,3
DA:21,2
DA:28,1
DA:37,6
LF:6
LH:6
BRDA:8,0,0,2
BRDA:8,0,1,3
BRDA:13,1,0,2
BRDA:13,1,1,1
BRDA:20,2,0,2
BRDA:20,2,1,1
BRF:6
BRH:6
end_of_record
TN:
SF:src\components\results\result.component.tsx
FN:7,(anonymous_0)
FN:13,(anonymous_1)
FN:17,(anonymous_2)
FNF:3
FNH:3
FNDA:21,(anonymous_0)
FNDA:2,(anonymous_1)
FNDA:24,(anonymous_2)
DA:8,21
DA:9,21
DA:10,21
DA:14,2
DA:18,24
DA:19,4
DA:21,20
LF:7
LH:7
BRDA:18,0,0,4
BRDA:18,0,1,20
BRF:2
BRH:2
end_of_record
TN:
SF:src\components\search\search.component.tsx
FN:8,(anonymous_0)
FN:14,(anonymous_1)
FN:22,(anonymous_2)
FN:29,(anonymous_3)
FN:41,(anonymous_4)
FN:52,(anonymous_5)
FN:56,(anonymous_6)
FN:115,(anonymous_7)
FN:119,(anonymous_8)
FNF:9
FNH:9
FNDA:21,(anonymous_0)
FNDA:22,(anonymous_1)
FNDA:5,(anonymous_2)
FNDA:1,(anonymous_3)
FNDA:4,(anonymous_4)
FNDA:21,(anonymous_5)
FNDA:25,(anonymous_6)
FNDA:5,(anonymous_7)
FNDA:22,(anonymous_8)
DA:6,21
DA:9,21
DA:10,21
DA:11,21
DA:15,22
DA:23,5
DA:30,1
DA:31,1
DA:42,4
DA:43,4
DA:53,21
DA:57,25
DA:58,25
DA:60,25
DA:61,4
DA:64,21
DA:65,21
DA:67,21
DA:78,18
DA:79,1
DA:80,1
DA:81,1
DA:84,4
DA:85,4
DA:86,3
DA:87,3
DA:88,3
DA:89,3
DA:91,1
DA:92,1
DA:95,16
DA:96,16
DA:97,16
DA:99,16
DA:100,16
DA:104,2
DA:106,14
DA:107,0
DA:111,16
DA:116,5
DA:120,22
DA:122,18
DA:124,1
DA:126,1
DA:129,2
DA:136,0
LF:46
LH:44
BRDA:26,0,0,22
BRDA:26,0,1,7
BRDA:60,1,0,4
BRDA:60,1,1,21
BRDA:60,2,0,25
BRDA:60,2,1,20
BRDA:78,3,0,1
BRDA:78,3,1,17
BRDA:85,4,0,3
BRDA:85,4,1,1
BRDA:85,5,0,4
BRDA:85,5,1,4
BRDA:99,6,0,16
BRDA:99,6,1,0
BRDA:100,7,0,2
BRDA:100,7,1,14
BRDA:101,8,0,16
BRDA:101,8,1,15
BRDA:106,9,0,0
BRDA:106,9,1,14
BRDA:120,10,0,18
BRDA:120,10,1,1
BRDA:120,10,2,1
BRDA:120,10,3,1
BRDA:120,10,4,2
BRDA:120,10,5,0
BRF:26
BRH:23
end_of_record
TN:
SF:src\error-boundary\error-boundary.tsx
FN:5,(anonymous_0)
FN:11,(anonymous_1)
FN:18,(anonymous_2)
FN:28,(anonymous_3)
FN:34,(anonymous_4)
FN:38,(anonymous_5)
FNF:6
FNH:6
FNDA:20,(anonymous_0)
FNDA:19,(anonymous_1)
FNDA:9,(anonymous_2)
FNDA:11,(anonymous_3)
FNDA:3,(anonymous_4)
FNDA:50,(anonymous_5)
DA:6,20
DA:7,20
DA:8,20
DA:12,20
DA:19,9
DA:23,9
DA:26,19
DA:29,11
DA:30,0
DA:35,3
DA:39,50
DA:40,27
DA:47,23
LF:13
LH:12
BRDA:29,0,0,0
BRDA:29,0,1,11
BRDA:39,1,0,27
BRDA:39,1,1,23
BRF:4
BRH:3
end_of_record
TN:
SF:src\test-utils\error-boundary-mock.tsx
FN:5,(anonymous_0)
FN:13,(anonymous_1)
FN:19,(anonymous_2)
FN:31,(anonymous_3)
FN:39,(anonymous_4)
FNF:5
FNH:3
FNDA:12,(anonymous_0)
FNDA:0,(anonymous_1)
FNDA:0,(anonymous_2)
FNDA:18,(anonymous_3)
FNDA:4,(anonymous_4)
DA:5,1
DA:7,12
DA:13,1
DA:19,1
DA:25,1
DA:32,18
DA:33,18
DA:35,0
DA:39,4
DA:41,1
DA:48,1
LF:11
LH:10
BRDA:6,0,0,12
BRDA:19,1,0,0
BRDA:32,2,0,18
BRDA:32,2,1,0
BRDA:33,3,0,18
BRDA:33,3,1,2
BRF:6
BRH:4
end_of_record
TN:
SF:src\test-utils\mocks.ts
FN:38,(anonymous_0)
FN:47,(anonymous_1)
FN:78,(anonymous_2)
FN:80,(anonymous_3)
FN:83,(anonymous_4)
FN:85,(anonymous_5)
FN:88,(anonymous_6)
FN:93,(anonymous_7)
FN:95,(anonymous_8)
FNF:9
FNH:8
FNDA:2,(anonymous_0)
FNDA:2,(anonymous_1)
FNDA:3,(anonymous_2)
FNDA:3,(anonymous_3)
FNDA:1,(anonymous_4)
FNDA:1,(anonymous_5)
FNDA:1,(anonymous_6)
FNDA:3,(anonymous_7)
FNDA:0,(anonymous_8)
DA:5,4
DA:35,4
DA:36,4
DA:38,4
DA:47,4
DA:55,2
DA:57,2
DA:65,4
DA:77,4
DA:78,3
DA:80,3
DA:83,1
DA:85,1
DA:88,1
DA:93,3
DA:95,0
LF:16
LH:15
BRDA:48,0,0,2
BRDA:78,1,0,3
BRDA:88,2,0,1
BRDA:93,3,0,3
BRF:4
BRH:4
end_of_record
